#
# There is insufficient memory for the Java Runtime Environment to continue.
# Native memory allocation (malloc) failed to allocate 1286784 bytes for Chunk::new
# Possible reasons:
#   The system is out of physical RAM or swap space
#   In 32 bit mode, the process size limit was hit
# Possible solutions:
#   Reduce memory load on the system
#   Increase physical memory or swap space
#   Check if swap backing store is full
#   Use 64 bit Java on a 64 bit OS
#   Decrease Java heap size (-Xmx/-Xms)
#   Decrease number of Java threads
#   Decrease Java thread stack sizes (-Xss)
#   Set larger code cache with -XX:ReservedCodeCacheSize=
# This output file may be truncated or incomplete.
#
#  Out of Memory Error (allocation.cpp:390), pid=2456, tid=7928
#
# JRE version: Java(TM) SE Runtime Environment (8.0_74-b02) (build 1.8.0_74-b02)
# Java VM: Java HotSpot(TM) 64-Bit Server VM (25.74-b02 mixed mode windows-amd64 compressed oops)
# Failed to write core dump. Minidumps are not enabled by default on client versions of Windows
#

---------------  T H R E A D  ---------------

Current thread (0x000000001ea6c800):  JavaThread "C2 CompilerThread0" daemon [_thread_in_native, id=7928, stack(0x000000001f210000,0x000000001f310000)]

Stack: [0x000000001f210000,0x000000001f310000]
[error occurred during error reporting (printing stack bounds), id 0xc0000005]

Native frames: (J=compiled Java code, j=interpreted, Vv=VM code, C=native code)


Current CompileTask:
C2:  17392 8306       4       com.sun.tools.javac.comp.Resolve::rawInstantiate (488 bytes)


---------------  P R O C E S S  ---------------

Java Threads: ( => current thread )
  0x000000001eabb800 JavaThread "Service Thread" daemon [_thread_blocked, id=20056, stack(0x000000001f610000,0x000000001f710000)]
  0x000000001ea78800 JavaThread "C1 CompilerThread3" daemon [_thread_blocked, id=20420, stack(0x000000001f510000,0x000000001f610000)]
  0x000000001ea71800 JavaThread "C2 CompilerThread2" daemon [_thread_in_native, id=22788, stack(0x000000001f410000,0x000000001f510000)]
  0x000000001ea6e000 JavaThread "C2 CompilerThread1" daemon [_thread_in_native, id=15968, stack(0x000000001f310000,0x000000001f410000)]
=>0x000000001ea6c800 JavaThread "C2 CompilerThread0" daemon [_thread_in_native, id=7928, stack(0x000000001f210000,0x000000001f310000)]
  0x000000001ea68000 JavaThread "Monitor Ctrl-Break" daemon [_thread_in_native, id=28208, stack(0x000000001f110000,0x000000001f210000)]
  0x000000001ea3c800 JavaThread "Attach Listener" daemon [_thread_blocked, id=19964, stack(0x000000001f010000,0x000000001f110000)]
  0x000000001e9ec000 JavaThread "Signal Dispatcher" daemon [_thread_blocked, id=15828, stack(0x000000001ef10000,0x000000001f010000)]
  0x0000000003109000 JavaThread "Finalizer" daemon [_thread_blocked, id=27488, stack(0x000000001edb0000,0x000000001eeb0000)]
  0x0000000003108000 JavaThread "Reference Handler" daemon [_thread_blocked, id=22200, stack(0x000000001e8b0000,0x000000001e9b0000)]
  0x0000000002d8e800 JavaThread "main" [_thread_in_Java, id=20212, stack(0x0000000002d90000,0x0000000002e90000)]

Other Threads:
  0x000000001cad9800 VMThread [stack: 0x000000001e7b0000,0x000000001e8b0000] [id=11612]
  0x000000001eb6a000 WatcherThread [stack: 0x000000001f710000,0x000000001f810000] [id=27416]

VM state:not at safepoint (normal execution)

VM Mutex/Monitor currently owned by a thread: None

Heap:
 PSYoungGen      total 281088K, used 39864K [0x000000076b980000, 0x000000077e080000, 0x00000007c0000000)
  eden space 260096K, 7% used [0x000000076b980000,0x000000076cd98590,0x000000077b780000)
  from space 20992K, 91% used [0x000000077cc00000,0x000000077ded5cd8,0x000000077e080000)
  to   space 20992K, 0% used [0x000000077b780000,0x000000077b780000,0x000000077cc00000)
 ParOldGen       total 137728K, used 106047K [0x00000006c2c00000, 0x00000006cb280000, 0x000000076b980000)
  object space 137728K, 76% used [0x00000006c2c00000,0x00000006c938ffc8,0x00000006cb280000)
 Metaspace       used 27990K, capacity 28692K, committed 28928K, reserved 1075200K
  class space    used 3041K, capacity 3212K, committed 3328K, reserved 1048576K

Card table byte_map: [0x00000000124d0000,0x0000000012cc0000] byte_map_base: 0x000000000eeba000

Marking Bits: (ParMarkBitMap*) 0x00000000587f0600
 Begin Bits: [0x0000000013a10000, 0x0000000017960000)
 End Bits:   [0x0000000017960000, 0x000000001b8b0000)

Polling page: 0x00000000009c0000

CodeCache: size=245760Kb used=26027Kb max_used=27122Kb free=219732Kb
 bounds [0x0000000003110000, 0x0000000004bb0000, 0x0000000012110000]
 total_blobs=7058 nmethods=6633 adapters=336
 compilation: enabled

Compilation events (10 events):
Event: 17.354 Thread 0x000000001ea78800 8426       3       com.sun.tools.javac.util.Bits::inclRange (71 bytes)
Event: 17.355 Thread 0x000000001ea78800 nmethod 8426 0x000000000407a750 code [0x000000000407a920, 0x000000000407b0f8]
Event: 17.361 Thread 0x000000001ea78800 8430       2       com.sun.tools.javac.code.Types$11::visitClassType (73 bytes)
Event: 17.362 Thread 0x000000001ea78800 nmethod 8430 0x0000000004a536d0 code [0x0000000004a538a0, 0x0000000004a53c98]
Event: 17.362 Thread 0x000000001ea78800 8429       2       com.sun.tools.javac.code.Types$11::visitClassType (10 bytes)
Event: 17.362 Thread 0x000000001ea78800 nmethod 8429 0x000000000499de50 code [0x000000000499dfc0, 0x000000000499e168]
Event: 17.363 Thread 0x000000001ea78800 8431       2       com.sun.tools.javac.code.Type$ClassType::isErroneous (53 bytes)
Event: 17.364 Thread 0x000000001ea78800 nmethod 8431 0x0000000003f332d0 code [0x0000000003f33480, 0x0000000003f33818]
Event: 17.366 Thread 0x000000001ea78800 8432       2       com.sun.tools.javac.comp.Attr::attribClassBody (726 bytes)
Event: 17.371 Thread 0x000000001ea78800 nmethod 8432 0x0000000004960bd0 code [0x0000000004961100, 0x0000000004963158]

GC Heap History (10 events):
Event: 11.947 GC heap before
{Heap before GC invocations=16 (full 1):
 PSYoungGen      total 281088K, used 271184K [0x000000076b980000, 0x000000077e080000, 0x00000007c0000000)
  eden space 260096K, 100% used [0x000000076b980000,0x000000077b780000,0x000000077b780000)
  from space 20992K, 52% used [0x000000077cc00000,0x000000077d6d42a0,0x000000077e080000)
  to   space 20992K, 0% used [0x000000077b780000,0x000000077b780000,0x000000077cc00000)
 ParOldGen       total 137728K, used 86183K [0x00000006c2c00000, 0x00000006cb280000, 0x000000076b980000)
  object space 137728K, 62% used [0x00000006c2c00000,0x00000006c8029f98,0x00000006cb280000)
 Metaspace       used 26056K, capacity 26802K, committed 26880K, reserved 1073152K
  class space    used 2896K, capacity 3050K, committed 3072K, reserved 1048576K
Event: 11.960 GC heap after
Heap after GC invocations=16 (full 1):
 PSYoungGen      total 281088K, used 11104K [0x000000076b980000, 0x000000077e080000, 0x00000007c0000000)
  eden space 260096K, 0% used [0x000000076b980000,0x000000076b980000,0x000000077b780000)
  from space 20992K, 52% used [0x000000077b780000,0x000000077c2582f0,0x000000077cc00000)
  to   space 20992K, 0% used [0x000000077cc00000,0x000000077cc00000,0x000000077e080000)
 ParOldGen       total 137728K, used 93536K [0x00000006c2c00000, 0x00000006cb280000, 0x000000076b980000)
  object space 137728K, 67% used [0x00000006c2c00000,0x00000006c8758358,0x00000006cb280000)
 Metaspace       used 26056K, capacity 26802K, committed 26880K, reserved 1073152K
  class space    used 2896K, capacity 3050K, committed 3072K, reserved 1048576K
}
Event: 13.313 GC heap before
{Heap before GC invocations=17 (full 1):
 PSYoungGen      total 281088K, used 271200K [0x000000076b980000, 0x000000077e080000, 0x00000007c0000000)
  eden space 260096K, 100% used [0x000000076b980000,0x000000077b780000,0x000000077b780000)
  from space 20992K, 52% used [0x000000077b780000,0x000000077c2582f0,0x000000077cc00000)
  to   space 20992K, 0% used [0x000000077cc00000,0x000000077cc00000,0x000000077e080000)
 ParOldGen       total 137728K, used 93536K [0x00000006c2c00000, 0x00000006cb280000, 0x000000076b980000)
  object space 137728K, 67% used [0x00000006c2c00000,0x00000006c8758358,0x00000006cb280000)
 Metaspace       used 26092K, capacity 26804K, committed 26880K, reserved 1073152K
  class space    used 2897K, capacity 3052K, committed 3072K, reserved 1048576K
Event: 13.328 GC heap after
Heap after GC invocations=17 (full 1):
 PSYoungGen      total 281088K, used 20985K [0x000000076b980000, 0x000000077e080000, 0x00000007c0000000)
  eden space 260096K, 0% used [0x000000076b980000,0x000000076b980000,0x000000077b780000)
  from space 20992K, 99% used [0x000000077cc00000,0x000000077e07e720,0x000000077e080000)
  to   space 20992K, 0% used [0x000000077b780000,0x000000077b780000,0x000000077cc00000)
 ParOldGen       total 137728K, used 104638K [0x00000006c2c00000, 0x00000006cb280000, 0x000000076b980000)
  object space 137728K, 75% used [0x00000006c2c00000,0x00000006c922fb58,0x00000006cb280000)
 Metaspace       used 26092K, capacity 26804K, committed 26880K, reserved 1073152K
  class space    used 2897K, capacity 3052K, committed 3072K, reserved 1048576K
}
Event: 14.811 GC heap before
{Heap before GC invocations=18 (full 1):
 PSYoungGen      total 281088K, used 281081K [0x000000076b980000, 0x000000077e080000, 0x00000007c0000000)
  eden space 260096K, 100% used [0x000000076b980000,0x000000077b780000,0x000000077b780000)
  from space 20992K, 99% used [0x000000077cc00000,0x000000077e07e720,0x000000077e080000)
  to   space 20992K, 0% used [0x000000077b780000,0x000000077b780000,0x000000077cc00000)
 ParOldGen       total 137728K, used 104638K [0x00000006c2c00000, 0x00000006cb280000, 0x000000076b980000)
  object space 137728K, 75% used [0x00000006c2c00000,0x00000006c922fb58,0x00000006cb280000)
 Metaspace       used 26132K, capacity 26868K, committed 27136K, reserved 1073152K
  class space    used 2897K, capacity 3052K, committed 3072K, reserved 1048576K
Event: 14.822 GC heap after
Heap after GC invocations=18 (full 1):
 PSYoungGen      total 281088K, used 14185K [0x000000076b980000, 0x000000077e080000, 0x00000007c0000000)
  eden space 260096K, 0% used [0x000000076b980000,0x000000076b980000,0x000000077b780000)
  from space 20992K, 67% used [0x000000077b780000,0x000000077c55a588,0x000000077cc00000)
  to   space 20992K, 0% used [0x000000077cc00000,0x000000077cc00000,0x000000077e080000)
 ParOldGen       total 137728K, used 117665K [0x00000006c2c00000, 0x00000006cb280000, 0x000000076b980000)
  object space 137728K, 85% used [0x00000006c2c00000,0x00000006c9ee85b0,0x00000006cb280000)
 Metaspace       used 26132K, capacity 26868K, committed 27136K, reserved 1073152K
  class space    used 2897K, capacity 3052K, committed 3072K, reserved 1048576K
}
Event: 14.822 GC heap before
{Heap before GC invocations=19 (full 2):
 PSYoungGen      total 281088K, used 14185K [0x000000076b980000, 0x000000077e080000, 0x00000007c0000000)
  eden space 260096K, 0% used [0x000000076b980000,0x000000076b980000,0x000000077b780000)
  from space 20992K, 67% used [0x000000077b780000,0x000000077c55a588,0x000000077cc00000)
  to   space 20992K, 0% used [0x000000077cc00000,0x000000077cc00000,0x000000077e080000)
 ParOldGen       total 137728K, used 117665K [0x00000006c2c00000, 0x00000006cb280000, 0x000000076b980000)
  object space 137728K, 85% used [0x00000006c2c00000,0x00000006c9ee85b0,0x00000006cb280000)
 Metaspace       used 26132K, capacity 26868K, committed 27136K, reserved 1073152K
  class space    used 2897K, capacity 3052K, committed 3072K, reserved 1048576K
Event: 15.127 GC heap after
Heap after GC invocations=19 (full 2):
 PSYoungGen      total 281088K, used 0K [0x000000076b980000, 0x000000077e080000, 0x00000007c0000000)
  eden space 260096K, 0% used [0x000000076b980000,0x000000076b980000,0x000000077b780000)
  from space 20992K, 0% used [0x000000077b780000,0x000000077b780000,0x000000077cc00000)
  to   space 20992K, 0% used [0x000000077cc00000,0x000000077cc00000,0x000000077e080000)
 ParOldGen       total 137728K, used 106039K [0x00000006c2c00000, 0x00000006cb280000, 0x000000076b980000)
  object space 137728K, 76% used [0x00000006c2c00000,0x00000006c938dfc8,0x00000006cb280000)
 Metaspace       used 26132K, capacity 26868K, committed 27136K, reserved 1073152K
  class space    used 2897K, capacity 3052K, committed 3072K, reserved 1048576K
}
Event: 17.284 GC heap before
{Heap before GC invocations=20 (full 2):
 PSYoungGen      total 281088K, used 260096K [0x000000076b980000, 0x000000077e080000, 0x00000007c0000000)
  eden space 260096K, 100% used [0x000000076b980000,0x000000077b780000,0x000000077b780000)
  from space 20992K, 0% used [0x000000077b780000,0x000000077b780000,0x000000077cc00000)
  to   space 20992K, 0% used [0x000000077cc00000,0x000000077cc00000,0x000000077e080000)
 ParOldGen       total 137728K, used 106039K [0x00000006c2c00000, 0x00000006cb280000, 0x000000076b980000)
  object space 137728K, 76% used [0x00000006c2c00000,0x00000006c938dfc8,0x00000006cb280000)
 Metaspace       used 27975K, capacity 28692K, committed 28928K, reserved 1075200K
  class space    used 3041K, capacity 3212K, committed 3328K, reserved 1048576K
Event: 17.297 GC heap after
Heap after GC invocations=20 (full 2):
 PSYoungGen      total 281088K, used 19287K [0x000000076b980000, 0x000000077e080000, 0x00000007c0000000)
  eden space 260096K, 0% used [0x000000076b980000,0x000000076b980000,0x000000077b780000)
  from space 20992K, 91% used [0x000000077cc00000,0x000000077ded5cd8,0x000000077e080000)
  to   space 20992K, 0% used [0x000000077b780000,0x000000077b780000,0x000000077cc00000)
 ParOldGen       total 137728K, used 106047K [0x00000006c2c00000, 0x00000006cb280000, 0x000000076b980000)
  object space 137728K, 76% used [0x00000006c2c00000,0x00000006c938ffc8,0x00000006cb280000)
 Metaspace       used 27975K, capacity 28692K, committed 28928K, reserved 1075200K
  class space    used 3041K, capacity 3212K, committed 3328K, reserved 1048576K
}

Deoptimization events (10 events):
Event: 16.910 Thread 0x0000000002d8e800 Uncommon trap: reason=speculate_class_check action=maybe_recompile pc=0x00000000038825d8 method=com.sun.tools.javac.code.Types$SameTypeVisitor.visitClassType(Lcom/sun/tools/javac/code/Type$ClassType;Lcom/sun/tools/javac/code/Type;)Ljava/lang/Boolean; @ 324º‡„ïýù0@
Event: 16.977 Thread 0x0000000002d8e800 Uncommon trap: reason=unstable_if action=reinterpret pc=0x000000000427fc2c method=com.sun.tools.javac.comp.Check.checkDeprecated(Lcom/sun/tools/javac/util/JCDiagnostic$DiagnosticPosition;Lcom/sun/tools/javac/code/Symbol;Lcom/sun/tools/javac/code/Symbol;)V ¥×fc%ú0@
Event: 16.977 Thread 0x0000000002d8e800 Uncommon trap: reason=bimorphic action=maybe_recompile pc=0x00000000043845bc method=com.sun.tools.javac.code.Type$ClassType.isRaw()Z @ 28
Event: 16.978 Thread 0x0000000002d8e800 Uncommon trap: reason=bimorphic action=maybe_recompile pc=0x00000000043845bc method=com.sun.tools.javac.code.Type$ClassType.isRaw()Z @ 28
Event: 16.980 Thread 0x0000000002d8e800 Uncommon trap: reason=bimorphic action=maybe_recompile pc=0x00000000043845bc method=com.sun.tools.javac.code.Type$ClassType.isRaw()Z @ 28
Event: 16.989 Thread 0x0000000002d8e800 Uncommon trap: reason=bimorphic action=maybe_recompile pc=0x0000000003f6ac00 method=com.sun.tools.javac.comp.Resolve$LookupFilter.accepts(Lcom/sun/tools/javac/code/Symbol;)Z @ 1
Event: 16.989 Thread 0x0000000002d8e800 Uncommon trap: reason=bimorphic action=maybe_recompile pc=0x00000000042bccd4 method=com.sun.tools.javac.comp.Resolve$LookupFilter.accepts(Lcom/sun/tools/javac/code/Symbol;)Z @ 1
Event: 17.111 Thread 0x0000000002d8e800 Uncommon trap: reason=null_check action=make_not_entrant pc=0x0000000004b2d1b0 method=com.sun.tools.javac.comp.Resolve$AbstractMethodCheck.argumentsAcceptable(Lcom/sun/tools/javac/comp/Env;Lcom/sun/tools/javac/comp/DeferredAttr$DeferredAttrContext;Lcom/sunÓUp.´+1@
Event: 17.171 Thread 0x0000000002d8e800 Uncommon trap: reason=unstable_if action=reinterpret pc=0x0000000004b90418 method=com.sun.tools.javac.comp.Check.checkType(Lcom/sun/tools/javac/util/JCDiagnostic$DiagnosticPosition;Lcom/sun/tools/javac/code/Type;Lcom/sun/tools/javac/code/Type;Lcom/sun/tool
Event: 17.361 Thread 0x0000000002d8e800 Uncommon trap: reason=class_check action=maybe_recompile pc=0x0000000003249408 method=com.sun.tools.javac.code.Type$ClassType.isErroneous()Z @ 28

Internal exceptions (10 events):
Event: 10.514 Thread 0x0000000002d8e800 Implicit null exception at 0x0000000003dae77b to 0x0000000003dae8c1
Event: 10.515 Thread 0x0000000002d8e800 Implicit null exception at 0x0000000003dae77b to 0x0000000003dae8c1
Event: 10.516 Thread 0x0000000002d8e800 Implicit null exception at 0x00000000037fdbb0 to 0x00000000037fdc35
Event: 12.216 Thread 0x0000000002d8e800 Implicit null exception at 0x00000000041c8b90 to 0x00000000041c8c91
Event: 12.225 Thread 0x0000000002d8e800 Implicit null exception at 0x0000000003e0eb1d to 0x0000000003e0f891
Event: 12.363 Thread 0x0000000002d8e800 Implicit null exception at 0x0000000004324994 to 0x000000000432692d
Event: 13.676 Thread 0x0000000002d8e800 Implicit null exception at 0x0000000003776973 to 0x0000000003777509
Event: 13.676 Thread 0x0000000002d8e800 Implicit null exception at 0x00000000034b8d58 to 0x00000000034b8de6
Event: 15.829 Thread 0x0000000002d8e800 Implicit null exception at 0x000000000419e28c to 0x000000000419e2ab
Event: 17.111 Thread 0x0000000002d8e800 Implicit null exception at 0x0000000004b2427b to 0x0000000004b2d143

Events (10 events):
Event: 17.265 Thread 0x000000001ea78800 flushing nmethod 0x000000000499de50
Event: 17.265 Thread 0x000000001ea78800 flushing nmethod 0x00000000049bde50
Event: 17.265 Thread 0x000000001ea78800 flushing nmethod 0x0000000004a43350
Event: 17.272 Thread 0x0000000002d8e800 DEOPT PACKING pc=0x00000000040d07a0 sp=0x0000000002e8d3e0
Event: 17.272 Thread 0x0000000002d8e800 DEOPT UNPACKING pc=0x000000000315787f sp=0x0000000002e8d1c0 mode 0
Event: 17.284 Executing VM operation: ParallelGCFailedAllocation
Event: 17.297 Executing VM operation: ParallelGCFailedAllocation done
Event: 17.361 Thread 0x0000000002d8e800 Uncommon trap: trap_request=0xffffffde fr.pc=0x0000000003249408
Event: 17.361 Thread 0x0000000002d8e800 DEOPT PACKING pc=0x0000000003249408 sp=0x0000000002e8c710
Event: 17.361 Thread 0x0000000002d8e800 DEOPT UNPACKING pc=0x000000000315582a sp=0x0000000002e8c6a8 mode 2


Dynamic libraries:
0x00007ff62a560000 - 0x00007ff62a597000 	D:\Program Files\jdk1.8.0_74\bin\java.exe
0x00007ff90fd90000 - 0x00007ff90ff88000 	C:\Windows\SYSTEM32\ntdll.dll
0x00007ff90f3b0000 - 0x00007ff90f46d000 	C:\Windows\System32\KERNEL32.DLL
0x00007ff90d8b0000 - 0x00007ff90db7e000 	C:\Windows\System32\KERNELBASE.dll
0x00007ff90e720000 - 0x00007ff90e7ce000 	C:\Windows\System32\ADVAPI32.dll
0x00007ff90e680000 - 0x00007ff90e71e000 	C:\Windows\System32\msvcrt.dll
0x00007ff90fc40000 - 0x00007ff90fcdc000 	C:\Windows\System32\sechost.dll
0x00007ff90f1a0000 - 0x00007ff90f2c5000 	C:\Windows\System32\RPCRT4.dll
0x00007ff90ece0000 - 0x00007ff90ee80000 	C:\Windows\System32\USER32.dll
0x00007ff90dc80000 - 0x00007ff90dca2000 	C:\Windows\System32\win32u.dll
0x00007ff90f4a0000 - 0x00007ff90f4ca000 	C:\Windows\System32\GDI32.dll
0x00007ff90dcb0000 - 0x00007ff90ddbb000 	C:\Windows\System32\gdi32full.dll
0x00007ff90d710000 - 0x00007ff90d7ad000 	C:\Windows\System32\msvcp_win.dll
0x00007ff90db80000 - 0x00007ff90dc80000 	C:\Windows\System32\ucrtbase.dll
0x00007ff8f9c90000 - 0x00007ff8f9f2a000 	C:\Windows\WinSxS\amd64_microsoft.windows.common-controls_6595b64144ccf1df_6.0.19041.1110_none_60b5254171f9507e\COMCTL32.dll
0x00007ff90f470000 - 0x00007ff90f4a0000 	C:\Windows\System32\IMM32.DLL
0x00007ff904fa0000 - 0x00007ff90504c000 	C:\Windows\system32\tmumh\20019\AddOn\7.0.0.1169\TmUmEvt64.dll
0x00007ff90fd40000 - 0x00007ff90fd48000 	C:\Windows\System32\PSAPI.DLL
0x00007ff90fce0000 - 0x00007ff90fd35000 	C:\Windows\System32\SHLWAPI.dll
0x000000005c030000 - 0x000000005c14a000 	C:\Windows\system32\tmumh\20019\TmMon\2.5.0.2101\tmmon64.dll
0x000000005ab90000 - 0x000000005ac62000 	D:\Program Files\jdk1.8.0_74\jre\bin\msvcr100.dll
0x0000000057fe0000 - 0x0000000058870000 	D:\Program Files\jdk1.8.0_74\jre\bin\server\jvm.dll
0x00007ff8f4bb0000 - 0x00007ff8f4bb9000 	C:\Windows\SYSTEM32\WSOCK32.dll
0x00007ff90f060000 - 0x00007ff90f0cb000 	C:\Windows\System32\WS2_32.dll
0x00007ff8ecd90000 - 0x00007ff8ecdb7000 	C:\Windows\SYSTEM32\WINMM.dll
0x00007ff907930000 - 0x00007ff90793a000 	C:\Windows\SYSTEM32\VERSION.dll
0x000000005a8c0000 - 0x000000005a8cf000 	D:\Program Files\jdk1.8.0_74\jre\bin\verify.dll
0x000000005a890000 - 0x000000005a8b9000 	D:\Program Files\jdk1.8.0_74\jre\bin\java.dll
0x000000005a860000 - 0x000000005a883000 	D:\Program Files\jdk1.8.0_74\jre\bin\instrument.dll
0x000000005a840000 - 0x000000005a856000 	D:\Program Files\jdk1.8.0_74\jre\bin\zip.dll
0x00007ff90f4d0000 - 0x00007ff90fc14000 	C:\Windows\System32\SHELL32.dll
0x00007ff90b5b0000 - 0x00007ff90bd44000 	C:\Windows\SYSTEM32\windows.storage.dll
0x00007ff90de70000 - 0x00007ff90e1c4000 	C:\Windows\System32\combase.dll
0x00007ff90cf10000 - 0x00007ff90cf40000 	C:\Windows\SYSTEM32\Wldp.dll
0x00007ff90e230000 - 0x00007ff90e2dd000 	C:\Windows\System32\SHCORE.dll
0x00007ff90d3f0000 - 0x00007ff90d40f000 	C:\Windows\SYSTEM32\profapi.dll
0x00007ff8f8500000 - 0x00007ff8f851a000 	D:\Program Files\idea\IntelliJ IDEA 2020.3\bin\breakgen64.dll
0x000000005a820000 - 0x000000005a83a000 	D:\Program Files\jdk1.8.0_74\jre\bin\net.dll
0x00007ff90cc70000 - 0x00007ff90ccda000 	C:\Windows\system32\mswsock.dll
0x00007ff90ce60000 - 0x00007ff90ce78000 	C:\Windows\SYSTEM32\CRYPTSP.dll
0x00007ff90c580000 - 0x00007ff90c5b4000 	C:\Windows\system32\rsaenh.dll
0x00007ff90ddc0000 - 0x00007ff90dde7000 	C:\Windows\System32\bcrypt.dll
0x00007ff90d370000 - 0x00007ff90d39e000 	C:\Windows\SYSTEM32\USERENV.dll
0x00007ff90d7b0000 - 0x00007ff90d832000 	C:\Windows\System32\bcryptprimitives.dll
0x00007ff90ce80000 - 0x00007ff90ce8c000 	C:\Windows\SYSTEM32\CRYPTBASE.dll
0x00007ff90c910000 - 0x00007ff90c94b000 	C:\Windows\SYSTEM32\IPHLPAPI.DLL
0x00007ff90ef30000 - 0x00007ff90ef38000 	C:\Windows\System32\NSI.dll
0x00007ff906ce0000 - 0x00007ff906cf7000 	C:\Windows\SYSTEM32\dhcpcsvc6.DLL
0x00007ff906cc0000 - 0x00007ff906cdd000 	C:\Windows\SYSTEM32\dhcpcsvc.DLL
0x00007ff90c950000 - 0x00007ff90ca1b000 	C:\Windows\SYSTEM32\DNSAPI.dll
0x000000005a800000 - 0x000000005a811000 	D:\Program Files\jdk1.8.0_74\jre\bin\nio.dll
0x00007ff8fb850000 - 0x00007ff8fb85a000 	C:\Users\Administrator\AppData\Local\Temp\jansi-1.17.1-5517274920934552966.dll
0x00007ff8fb6f0000 - 0x00007ff8fb6fa000 	C:\Users\Administrator\AppData\Local\Temp\jansi-1.17.1-627963510357626661.dll

VM Arguments:
jvm_args: -Dmaven.multiModuleProjectDirectory=E:\gitData\wangfuj\jeecg-boot\jeecg-boot\jeecg-boot-module-system -Dmaven.home=D:\Program Files\apache-maven-3.6.3 -Dclassworlds.conf=D:\Program Files\apache-maven-3.6.3\bin\m2.conf -Dmaven.ext.class.path=D:\Program Files\idea\IntelliJ IDEA 2020.3\plugins\maven\lib\maven-event-listener.jar -javaagent:D:\Program Files\idea\IntelliJ IDEA 2020.3\lib\idea_rt.jar=13580:D:\Program Files\idea\IntelliJ IDEA 2020.3\bin -Dfile.encoding=UTF-8 
java_command: org.codehaus.classworlds.Launcher -Didea.version=2020.3 -s D:\Program Files\apache-maven-3.6.3\conf\settings.xml -Dmaven.repo.local=D:\Program Files\repository_maven package
java_class_path (initial): D:\Program Files\apache-maven-3.6.3\boot\plexus-classworlds-2.6.0.jar;D:\Program Files\apache-maven-3.6.3\boot\plexus-classworlds.license;D:\Program Files\idea\IntelliJ IDEA 2020.3\lib\idea_rt.jar
Launcher Type: SUN_STANDARD

Environment Variables:
PATH=C:\Program Files (x86)\Common Files\Oracle\Java\javapath;C:\Windows\system32;C:\Windows;C:\Windows\System32\Wbem;C:\Windows\System32\WindowsPowerShell\v1.0\;C:\Windows\System32\OpenSSH\;C:\Program Files\dotnet\;D:\Program Files\svn\bin;D:\Program Files\git\Git\cmd;D:\Program Files\node\;C:\ProgramData\chocolatey\bin;C:\Program Files (x86)\Yarn\bin\;D:\Program Files\emacs\emacs-27.1;D:\Program Files\vim\vim82;C:\Program Files\Pandoc\;D:\Program Files\apache-maven-3.6.3\bin;C:\Users\Administrator\AppData\Local\Programs\Python\Python39\Scripts\;C:\Users\Administrator\AppData\Local\Programs\Python\Python39\;C:\Users\Administrator\AppData\Local\Microsoft\WindowsApps;D:\Program Files\jdk1.8.0_74\bin;D:\Program Files\jdk1.8.0_74\sbin;C:\Program Files\Google\Chrome\Application\;C:\Users\Administrator\AppData\Roaming\npm;C:\Users\Administrator\AppData\Local\Yarn\bin;D:\Program Files\emacs\emacs-27.1;D:\Program Files\vim\vim82;D:\Program Files\scala-2.11.5\scala-2.11.5\bin;C:\Users\Administrator\.dotnet\tools;E:\gitData\py-sgd\Parallel-SGD\venv\Scripts\;
USERNAME=Administrator
OS=Windows_NT
PROCESSOR_IDENTIFIER=Intel64 Family 6 Model 126 Stepping 5, GenuineIntel



---------------  S Y S T E M  ---------------

OS: Windows 10.0 , 64 bit Build 19041 (10.0.19041.1806)

CPU:total 8 (4 cores per cpu, 2 threads per core) family 6 model 126 stepping 5, cmov, cx8, fxsr, mmx, sse, sse2, sse3, ssse3, sse4.1, sse4.2, popcnt, avx, avx2, aes, clmul, erms, 3dnowpref, lzcnt, ht, tsc, tscinvbit, bmi1, bmi2, adx

Memory: 4k page, physical 16592412k(2835820k free), swap 20786716k(5272k free)

vm_info: Java HotSpot(TM) 64-Bit Server VM (25.74-b02) for windows-amd64 JRE (1.8.0_74-b02), built on Jan 29 2016 17:42:36 by "java_re" with MS VC++ 10.0 (VS2010)

time: Wed Aug 03 19:18:09 2022
elapsed time: 17 seconds (0d 0h 0m 17s)

