#
# There is insufficient memory for the Java Runtime Environment to continue.
# Native memory allocation (malloc) failed to allocate 1605872 bytes for Chunk::new
# Possible reasons:
#   The system is out of physical RAM or swap space
#   In 32 bit mode, the process size limit was hit
# Possible solutions:
#   Reduce memory load on the system
#   Increase physical memory or swap space
#   Check if swap backing store is full
#   Use 64 bit Java on a 64 bit OS
#   Decrease Java heap size (-Xmx/-Xms)
#   Decrease number of Java threads
#   Decrease Java thread stack sizes (-Xss)
#   Set larger code cache with -XX:ReservedCodeCacheSize=
# This output file may be truncated or incomplete.
#
#  Out of Memory Error (allocation.cpp:390), pid=24828, tid=15932
#
# JRE version: Java(TM) SE Runtime Environment (8.0_74-b02) (build 1.8.0_74-b02)
# Java VM: Java HotSpot(TM) 64-Bit Server VM (25.74-b02 mixed mode windows-amd64 compressed oops)
# Failed to write core dump. Minidumps are not enabled by default on client versions of Windows
#

---------------  T H R E A D  ---------------

Current thread (0x000000001efe1000):  JavaThread "C2 CompilerThread2" daemon [_thread_in_native, id=15932, stack(0x000000001f980000,0x000000001fa80000)]

Stack: [0x000000001f980000,0x000000001fa80000]
[error occurred during error reporting (printing stack bounds), id 0xc0000005]

Native frames: (J=compiled Java code, j=interpreted, Vv=VM code, C=native code)


Current CompileTask:
C2:  18127 8254       4       com.sun.tools.javac.comp.Resolve::rawInstantiate (488 bytes)


---------------  P R O C E S S  ---------------

Java Threads: ( => current thread )
  0x000000001f004000 JavaThread "Service Thread" daemon [_thread_blocked, id=32448, stack(0x000000001fb80000,0x000000001fc80000)]
  0x000000001efe8000 JavaThread "C1 CompilerThread3" daemon [_thread_blocked, id=3216, stack(0x000000001fa80000,0x000000001fb80000)]
=>0x000000001efe1000 JavaThread "C2 CompilerThread2" daemon [_thread_in_native, id=15932, stack(0x000000001f980000,0x000000001fa80000)]
  0x000000001efdd800 JavaThread "C2 CompilerThread1" daemon [_thread_in_native, id=6620, stack(0x000000001f880000,0x000000001f980000)]
  0x000000001efdc000 JavaThread "C2 CompilerThread0" daemon [_thread_in_native, id=24308, stack(0x000000001f780000,0x000000001f880000)]
  0x000000001efd7800 JavaThread "Monitor Ctrl-Break" daemon [_thread_in_native, id=20420, stack(0x000000001f680000,0x000000001f780000)]
  0x000000001efab800 JavaThread "Attach Listener" daemon [_thread_blocked, id=5132, stack(0x000000001f580000,0x000000001f680000)]
  0x000000001ef57000 JavaThread "Signal Dispatcher" daemon [_thread_blocked, id=22268, stack(0x000000001f480000,0x000000001f580000)]
  0x00000000036a9000 JavaThread "Finalizer" daemon [_thread_blocked, id=32096, stack(0x000000001f320000,0x000000001f420000)]
  0x00000000036a8000 JavaThread "Reference Handler" daemon [_thread_blocked, id=31924, stack(0x000000001ee20000,0x000000001ef20000)]
  0x00000000034ae800 JavaThread "main" [_thread_in_Java, id=26208, stack(0x00000000032b0000,0x00000000033b0000)]

Other Threads:
  0x000000001d029800 VMThread [stack: 0x000000001ed20000,0x000000001ee20000] [id=14112]
  0x000000001f0cb000 WatcherThread [stack: 0x000000001fc80000,0x000000001fd80000] [id=31800]

VM state:not at safepoint (normal execution)

VM Mutex/Monitor currently owned by a thread: None

Heap:
 PSYoungGen      total 281600K, used 44475K [0x000000076b980000, 0x000000077e180000, 0x00000007c0000000)
  eden space 260096K, 9% used [0x000000076b980000,0x000000076d2e2ca0,0x000000077b780000)
  from space 21504K, 85% used [0x000000077cc80000,0x000000077de8c1a8,0x000000077e180000)
  to   space 21504K, 0% used [0x000000077b780000,0x000000077b780000,0x000000077cc80000)
 ParOldGen       total 137728K, used 105547K [0x00000006c2c00000, 0x00000006cb280000, 0x000000076b980000)
  object space 137728K, 76% used [0x00000006c2c00000,0x00000006c9312cb0,0x00000006cb280000)
 Metaspace       used 28090K, capacity 28934K, committed 29184K, reserved 1075200K
  class space    used 3061K, capacity 3247K, committed 3328K, reserved 1048576K

Card table byte_map: [0x0000000012a70000,0x0000000013260000] byte_map_base: 0x000000000f45a000

Marking Bits: (ParMarkBitMap*) 0x00000000587f0600
 Begin Bits: [0x0000000013fb0000, 0x0000000017f00000)
 End Bits:   [0x0000000017f00000, 0x000000001be50000)

Polling page: 0x0000000002f30000

CodeCache: size=245760Kb used=26389Kb max_used=28875Kb free=219370Kb
 bounds [0x00000000036b0000, 0x0000000005350000, 0x00000000126b0000]
 total_blobs=7116 nmethods=6688 adapters=339
 compilation: enabled

Compilation events (10 events):
Event: 18.123 Thread 0x000000001efe8000 nmethod 8456 0x0000000004ca1910 code [0x0000000004ca1a80, 0x0000000004ca1c28]
Event: 18.123 Thread 0x000000001efe8000 8457       2       com.sun.tools.javac.code.Types$4::visitArrayType (140 bytes)
Event: 18.124 Thread 0x000000001efe8000 nmethod 8457 0x000000000465cc10 code [0x000000000465ce00, 0x000000000465d258]
Event: 18.124 Thread 0x000000001efe8000 8460       2       com.sun.tools.javac.code.Scope$ErrorScope::<init> (6 bytes)
Event: 18.124 Thread 0x000000001efe8000 nmethod 8460 0x00000000046602d0 code [0x0000000004660440, 0x0000000004660648]
Event: 18.124 Thread 0x000000001efe8000 8458       2       com.sun.tools.javac.code.Type$ErrorType::getTag (4 bytes)
Event: 18.124 Thread 0x000000001efe8000 nmethod 8458 0x0000000004886390 code [0x00000000048864e0, 0x0000000004886630]
Event: 18.124 Thread 0x000000001efe8000 8459       2       com.sun.tools.javac.comp.Resolve$MethodResolutionPhase$1::mergeResults (126 bytes)
Event: 18.125 Thread 0x000000001efe8000 nmethod 8459 0x00000000043ddcd0 code [0x00000000043dde40, 0x00000000043de108]
Event: 18.125 Thread 0x000000001efe8000 8462       2       com.sun.tools.javac.code.Types$19::visitClassType (122 bytes)

GC Heap History (10 events):
Event: 12.345 GC heap before
{Heap before GC invocations=16 (full 1):
 PSYoungGen      total 281600K, used 279290K [0x000000076b980000, 0x000000077e180000, 0x00000007c0000000)
  eden space 260096K, 100% used [0x000000076b980000,0x000000077b780000,0x000000077b780000)
  from space 21504K, 89% used [0x000000077cc80000,0x000000077df3eb80,0x000000077e180000)
  to   space 21504K, 0% used [0x000000077b780000,0x000000077b780000,0x000000077cc80000)
 ParOldGen       total 137728K, used 78577K [0x00000006c2c00000, 0x00000006cb280000, 0x000000076b980000)
  object space 137728K, 57% used [0x00000006c2c00000,0x00000006c78bc488,0x00000006cb280000)
 Metaspace       used 26149K, capacity 26980K, committed 27264K, reserved 1073152K
  class space    used 2917K, capacity 3085K, committed 3200K, reserved 1048576K
Event: 12.363 GC heap after
Heap after GC invocations=16 (full 1):
 PSYoungGen      total 281600K, used 11952K [0x000000076b980000, 0x000000077e180000, 0x00000007c0000000)
  eden space 260096K, 0% used [0x000000076b980000,0x000000076b980000,0x000000077b780000)
  from space 21504K, 55% used [0x000000077b780000,0x000000077c32c280,0x000000077cc80000)
  to   space 21504K, 0% used [0x000000077cc80000,0x000000077cc80000,0x000000077e180000)
 ParOldGen       total 137728K, used 89758K [0x00000006c2c00000, 0x00000006cb280000, 0x000000076b980000)
  object space 137728K, 65% used [0x00000006c2c00000,0x00000006c83a78a0,0x00000006cb280000)
 Metaspace       used 26149K, capacity 26980K, committed 27264K, reserved 1073152K
  class space    used 2917K, capacity 3085K, committed 3200K, reserved 1048576K
}
Event: 13.999 GC heap before
{Heap before GC invocations=17 (full 1):
 PSYoungGen      total 281600K, used 272048K [0x000000076b980000, 0x000000077e180000, 0x00000007c0000000)
  eden space 260096K, 100% used [0x000000076b980000,0x000000077b780000,0x000000077b780000)
  from space 21504K, 55% used [0x000000077b780000,0x000000077c32c280,0x000000077cc80000)
  to   space 21504K, 0% used [0x000000077cc80000,0x000000077cc80000,0x000000077e180000)
 ParOldGen       total 137728K, used 89758K [0x00000006c2c00000, 0x00000006cb280000, 0x000000076b980000)
  object space 137728K, 65% used [0x00000006c2c00000,0x00000006c83a78a0,0x00000006cb280000)
 Metaspace       used 26185K, capacity 26982K, committed 27264K, reserved 1073152K
  class space    used 2918K, capacity 3087K, committed 3200K, reserved 1048576K
Event: 14.021 GC heap after
Heap after GC invocations=17 (full 1):
 PSYoungGen      total 281600K, used 21473K [0x000000076b980000, 0x000000077e180000, 0x00000007c0000000)
  eden space 260096K, 0% used [0x000000076b980000,0x000000076b980000,0x000000077b780000)
  from space 21504K, 99% used [0x000000077cc80000,0x000000077e178508,0x000000077e180000)
  to   space 21504K, 0% used [0x000000077b780000,0x000000077b780000,0x000000077cc80000)
 ParOldGen       total 137728K, used 100851K [0x00000006c2c00000, 0x00000006cb280000, 0x000000076b980000)
  object space 137728K, 73% used [0x00000006c2c00000,0x00000006c8e7cf60,0x00000006cb280000)
 Metaspace       used 26185K, capacity 26982K, committed 27264K, reserved 1073152K
  class space    used 2918K, capacity 3087K, committed 3200K, reserved 1048576K
}
Event: 15.327 GC heap before
{Heap before GC invocations=18 (full 1):
 PSYoungGen      total 281600K, used 281569K [0x000000076b980000, 0x000000077e180000, 0x00000007c0000000)
  eden space 260096K, 100% used [0x000000076b980000,0x000000077b780000,0x000000077b780000)
  from space 21504K, 99% used [0x000000077cc80000,0x000000077e178508,0x000000077e180000)
  to   space 21504K, 0% used [0x000000077b780000,0x000000077b780000,0x000000077cc80000)
 ParOldGen       total 137728K, used 100851K [0x00000006c2c00000, 0x00000006cb280000, 0x000000076b980000)
  object space 137728K, 73% used [0x00000006c2c00000,0x00000006c8e7cf60,0x00000006cb280000)
 Metaspace       used 26223K, capacity 27046K, committed 27264K, reserved 1073152K
  class space    used 2918K, capacity 3087K, committed 3200K, reserved 1048576K
Event: 15.347 GC heap after
Heap after GC invocations=18 (full 1):
 PSYoungGen      total 281600K, used 13553K [0x000000076b980000, 0x000000077e180000, 0x00000007c0000000)
  eden space 260096K, 0% used [0x000000076b980000,0x000000076b980000,0x000000077b780000)
  from space 21504K, 63% used [0x000000077b780000,0x000000077c4bc6b0,0x000000077cc80000)
  to   space 21504K, 0% used [0x000000077cc80000,0x000000077cc80000,0x000000077e180000)
 ParOldGen       total 137728K, used 117169K [0x00000006c2c00000, 0x00000006cb280000, 0x000000076b980000)
  object space 137728K, 85% used [0x00000006c2c00000,0x00000006c9e6c438,0x00000006cb280000)
 Metaspace       used 26223K, capacity 27046K, committed 27264K, reserved 1073152K
  class space    used 2918K, capacity 3087K, committed 3200K, reserved 1048576K
}
Event: 15.347 GC heap before
{Heap before GC invocations=19 (full 2):
 PSYoungGen      total 281600K, used 13553K [0x000000076b980000, 0x000000077e180000, 0x00000007c0000000)
  eden space 260096K, 0% used [0x000000076b980000,0x000000076b980000,0x000000077b780000)
  from space 21504K, 63% used [0x000000077b780000,0x000000077c4bc6b0,0x000000077cc80000)
  to   space 21504K, 0% used [0x000000077cc80000,0x000000077cc80000,0x000000077e180000)
 ParOldGen       total 137728K, used 117169K [0x00000006c2c00000, 0x00000006cb280000, 0x000000076b980000)
  object space 137728K, 85% used [0x00000006c2c00000,0x00000006c9e6c438,0x00000006cb280000)
 Metaspace       used 26223K, capacity 27046K, committed 27264K, reserved 1073152K
  class space    used 2918K, capacity 3087K, committed 3200K, reserved 1048576K
Event: 15.693 GC heap after
Heap after GC invocations=19 (full 2):
 PSYoungGen      total 281600K, used 0K [0x000000076b980000, 0x000000077e180000, 0x00000007c0000000)
  eden space 260096K, 0% used [0x000000076b980000,0x000000076b980000,0x000000077b780000)
  from space 21504K, 0% used [0x000000077b780000,0x000000077b780000,0x000000077cc80000)
  to   space 21504K, 0% used [0x000000077cc80000,0x000000077cc80000,0x000000077e180000)
 ParOldGen       total 137728K, used 105539K [0x00000006c2c00000, 0x00000006cb280000, 0x000000076b980000)
  object space 137728K, 76% used [0x00000006c2c00000,0x00000006c9310cb0,0x00000006cb280000)
 Metaspace       used 26223K, capacity 27046K, committed 27264K, reserved 1073152K
  class space    used 2918K, capacity 3087K, committed 3200K, reserved 1048576K
}
Event: 17.917 GC heap before
{Heap before GC invocations=20 (full 2):
 PSYoungGen      total 281600K, used 260096K [0x000000076b980000, 0x000000077e180000, 0x00000007c0000000)
  eden space 260096K, 100% used [0x000000076b980000,0x000000077b780000,0x000000077b780000)
  from space 21504K, 0% used [0x000000077b780000,0x000000077b780000,0x000000077cc80000)
  to   space 21504K, 0% used [0x000000077cc80000,0x000000077cc80000,0x000000077e180000)
 ParOldGen       total 137728K, used 105539K [0x00000006c2c00000, 0x00000006cb280000, 0x000000076b980000)
  object space 137728K, 76% used [0x00000006c2c00000,0x00000006c9310cb0,0x00000006cb280000)
 Metaspace       used 28019K, capacity 28870K, committed 29184K, reserved 1075200K
  class space    used 3061K, capacity 3247K, committed 3328K, reserved 1048576K
Event: 17.930 GC heap after
Heap after GC invocations=20 (full 2):
 PSYoungGen      total 281600K, used 18480K [0x000000076b980000, 0x000000077e180000, 0x00000007c0000000)
  eden space 260096K, 0% used [0x000000076b980000,0x000000076b980000,0x000000077b780000)
  from space 21504K, 85% used [0x000000077cc80000,0x000000077de8c1a8,0x000000077e180000)
  to   space 21504K, 0% used [0x000000077b780000,0x000000077b780000,0x000000077cc80000)
 ParOldGen       total 137728K, used 105547K [0x00000006c2c00000, 0x00000006cb280000, 0x000000076b980000)
  object space 137728K, 76% used [0x00000006c2c00000,0x00000006c9312cb0,0x00000006cb280000)
 Metaspace       used 28019K, capacity 28870K, committed 29184K, reserved 1075200K
  class space    used 3061K, capacity 3247K, committed 3328K, reserved 1048576K
}

Deoptimization events (10 events):
Event: 17.672 Thread 0x00000000034ae800 Uncommon trap: reason=unstable_if action=reinterpret pc=0x0000000004f7fcac method=com.sun.tools.javac.comp.Check.checkDeprecated(Lcom/sun/tools/javac/util/JCDiagnostic$DiagnosticPosition;Lcom/sun/tools/javac/code/Symbol;Lcom/sun/tools/javac/code/Symbol;)V ±ÁÂI¬1@
Event: 17.673 Thread 0x00000000034ae800 Uncommon trap: reason=bimorphic action=maybe_recompile pc=0x0000000004f95a18 method=com.sun.tools.javac.code.Type$ClassType.isRaw()Z @ 28
Event: 17.674 Thread 0x00000000034ae800 Uncommon trap: reason=bimorphic action=maybe_recompile pc=0x0000000004f95a18 method=com.sun.tools.javac.code.Type$ClassType.isRaw()Z @ 28
Event: 17.675 Thread 0x00000000034ae800 Uncommon trap: reason=bimorphic action=maybe_recompile pc=0x0000000004f95a18 method=com.sun.tools.javac.code.Type$ClassType.isRaw()Z @ 28
Event: 17.683 Thread 0x00000000034ae800 Uncommon trap: reason=bimorphic action=maybe_recompile pc=0x000000000520b5d4 method=com.sun.tools.javac.comp.Resolve$LookupFilter.accepts(Lcom/sun/tools/javac/code/Symbol;)Z @ 1
Event: 18.074 Thread 0x00000000034ae800 Uncommon trap: reason=class_check action=maybe_recompile pc=0x00000000048f2284 method=com.sun.tools.javac.code.Type$ClassType.isErroneous()Z @ 28
Event: 18.123 Thread 0x00000000034ae800 Uncommon trap: reason=unstable_if action=reinterpret pc=0x00000000052fce48 method=com.sun.tools.javac.code.Types$19.visitClassType(Lcom/sun/tools/javac/code/Type$ClassType;Ljava/lang/Void;)Lcom/sun/tools/javac/util/List; @ 22
Event: 18.123 Thread 0x00000000034ae800 Uncommon trap: reason=unstable_if action=reinterpret pc=0x00000000050f8520 method=com.sun.tools.javac.comp.Resolve$BasicLookupHelper.lookup(Lcom/sun/tools/javac/comp/Env;Lcom/sun/tools/javac/comp/Resolve$MethodResolutionPhase;)Lcom/sun/tools/javac/code/SymÑ<€E~2@
Event: 18.123 Thread 0x00000000034ae800 Uncommon trap: reason=unstable_if action=reinterpret pc=0x00000000046985f8 method=com.sun.tools.javac.comp.Resolve.accessInternal(Lcom/sun/tools/javac/code/Symbol;Lcom/sun/tools/javac/util/JCDiagnostic$DiagnosticPosition;Lcom/sun/tools/javac/code/Symbol;Lc»­>h‡2@
Event: 18.123 Thread 0x00000000034ae800 Uncommon trap: reason=unstable_if action=reinterpret pc=0x00000000049b2be4 method=com.sun.tools.javac.code.Type.isErroneous(Lcom/sun/tools/javac/util/List;)Z @ 19

Internal exceptions (10 events):
Event: 10.676 Thread 0x00000000034ae800 Implicit null exception at 0x00000000042ffdfb to 0x00000000042fff41
Event: 10.677 Thread 0x00000000034ae800 Implicit null exception at 0x00000000042ffdfb to 0x00000000042fff41
Event: 10.678 Thread 0x00000000034ae800 Implicit null exception at 0x00000000042ffdfb to 0x00000000042fff41
Event: 10.680 Thread 0x00000000034ae800 Implicit null exception at 0x000000000430fd38 to 0x000000000430fe59
Event: 12.771 Thread 0x00000000034ae800 Implicit null exception at 0x0000000004671d90 to 0x0000000004671e91
Event: 12.781 Thread 0x00000000034ae800 Implicit null exception at 0x000000000496959d to 0x000000000496a311
Event: 12.989 Thread 0x00000000034ae800 Implicit null exception at 0x00000000047e071a to 0x00000000047e26b1
Event: 14.414 Thread 0x00000000034ae800 Implicit null exception at 0x0000000003d43333 to 0x0000000003d43ec9
Event: 14.414 Thread 0x00000000034ae800 Implicit null exception at 0x0000000003cd999b to 0x0000000003cd9e35
Event: 16.513 Thread 0x00000000034ae800 Implicit null exception at 0x000000000455ff0c to 0x000000000455ff2b

Events (10 events):
Event: 18.123 Thread 0x00000000034ae800 DEOPT UNPACKING pc=0x00000000036f582a sp=0x00000000033a9868 mode 2
Event: 18.123 Thread 0x00000000034ae800 Uncommon trap: trap_request=0xffffff65 fr.pc=0x00000000050f8520
Event: 18.123 Thread 0x00000000034ae800 DEOPT PACKING pc=0x00000000050f8520 sp=0x00000000033aa880
Event: 18.123 Thread 0x00000000034ae800 DEOPT UNPACKING pc=0x00000000036f582a sp=0x00000000033aa828 mode 2
Event: 18.123 Thread 0x00000000034ae800 Uncommon trap: trap_request=0xffffff65 fr.pc=0x00000000046985f8
Event: 18.123 Thread 0x00000000034ae800 DEOPT PACKING pc=0x00000000046985f8 sp=0x00000000033aa7d0
Event: 18.123 Thread 0x00000000034ae800 DEOPT UNPACKING pc=0x00000000036f582a sp=0x00000000033aa738 mode 2
Event: 18.123 Thread 0x00000000034ae800 Uncommon trap: trap_request=0xffffff65 fr.pc=0x00000000049b2be4
Event: 18.123 Thread 0x00000000034ae800 DEOPT PACKING pc=0x00000000049b2be4 sp=0x00000000033aa6a0
Event: 18.123 Thread 0x00000000034ae800 DEOPT UNPACKING pc=0x00000000036f582a sp=0x00000000033aa5e0 mode 2


Dynamic libraries:
0x00007ff623530000 - 0x00007ff623567000 	D:\Program Files\jdk1.8.0_74\bin\java.exe
0x00007ff90fd90000 - 0x00007ff90ff88000 	C:\Windows\SYSTEM32\ntdll.dll
0x00007ff90f3b0000 - 0x00007ff90f46d000 	C:\Windows\System32\KERNEL32.DLL
0x00007ff90d8b0000 - 0x00007ff90db7e000 	C:\Windows\System32\KERNELBASE.dll
0x00007ff90e720000 - 0x00007ff90e7ce000 	C:\Windows\System32\ADVAPI32.dll
0x00007ff90e680000 - 0x00007ff90e71e000 	C:\Windows\System32\msvcrt.dll
0x00007ff90fc40000 - 0x00007ff90fcdc000 	C:\Windows\System32\sechost.dll
0x00007ff90f1a0000 - 0x00007ff90f2c5000 	C:\Windows\System32\RPCRT4.dll
0x00007ff90ece0000 - 0x00007ff90ee80000 	C:\Windows\System32\USER32.dll
0x00007ff90dc80000 - 0x00007ff90dca2000 	C:\Windows\System32\win32u.dll
0x00007ff90f4a0000 - 0x00007ff90f4ca000 	C:\Windows\System32\GDI32.dll
0x00007ff90dcb0000 - 0x00007ff90ddbb000 	C:\Windows\System32\gdi32full.dll
0x00007ff90d710000 - 0x00007ff90d7ad000 	C:\Windows\System32\msvcp_win.dll
0x00007ff90db80000 - 0x00007ff90dc80000 	C:\Windows\System32\ucrtbase.dll
0x00007ff8f9c90000 - 0x00007ff8f9f2a000 	C:\Windows\WinSxS\amd64_microsoft.windows.common-controls_6595b64144ccf1df_6.0.19041.1110_none_60b5254171f9507e\COMCTL32.dll
0x00007ff90f470000 - 0x00007ff90f4a0000 	C:\Windows\System32\IMM32.DLL
0x00007ff904fa0000 - 0x00007ff90504c000 	C:\Windows\system32\tmumh\20019\AddOn\7.0.0.1169\TmUmEvt64.dll
0x00007ff90fd40000 - 0x00007ff90fd48000 	C:\Windows\System32\PSAPI.DLL
0x00007ff90fce0000 - 0x00007ff90fd35000 	C:\Windows\System32\SHLWAPI.dll
0x000000005c030000 - 0x000000005c14a000 	C:\Windows\system32\tmumh\20019\TmMon\2.5.0.2101\tmmon64.dll
0x000000005ab90000 - 0x000000005ac62000 	D:\Program Files\jdk1.8.0_74\jre\bin\msvcr100.dll
0x0000000057fe0000 - 0x0000000058870000 	D:\Program Files\jdk1.8.0_74\jre\bin\server\jvm.dll
0x00007ff8f4bb0000 - 0x00007ff8f4bb9000 	C:\Windows\SYSTEM32\WSOCK32.dll
0x00007ff90f060000 - 0x00007ff90f0cb000 	C:\Windows\System32\WS2_32.dll
0x00007ff8ecd90000 - 0x00007ff8ecdb7000 	C:\Windows\SYSTEM32\WINMM.dll
0x00007ff907930000 - 0x00007ff90793a000 	C:\Windows\SYSTEM32\VERSION.dll
0x000000005a0f0000 - 0x000000005a0ff000 	D:\Program Files\jdk1.8.0_74\jre\bin\verify.dll
0x000000005a0c0000 - 0x000000005a0e9000 	D:\Program Files\jdk1.8.0_74\jre\bin\java.dll
0x000000005a090000 - 0x000000005a0b3000 	D:\Program Files\jdk1.8.0_74\jre\bin\instrument.dll
0x000000005a070000 - 0x000000005a086000 	D:\Program Files\jdk1.8.0_74\jre\bin\zip.dll
0x00007ff90f4d0000 - 0x00007ff90fc14000 	C:\Windows\System32\SHELL32.dll
0x00007ff90b5b0000 - 0x00007ff90bd44000 	C:\Windows\SYSTEM32\windows.storage.dll
0x00007ff90de70000 - 0x00007ff90e1c4000 	C:\Windows\System32\combase.dll
0x00007ff90cf10000 - 0x00007ff90cf40000 	C:\Windows\SYSTEM32\Wldp.dll
0x00007ff90e230000 - 0x00007ff90e2dd000 	C:\Windows\System32\SHCORE.dll
0x00007ff90d3f0000 - 0x00007ff90d40f000 	C:\Windows\SYSTEM32\profapi.dll
0x00007ff8fa150000 - 0x00007ff8fa16a000 	D:\Program Files\idea\IntelliJ IDEA 2020.3\bin\breakgen64.dll
0x0000000057fc0000 - 0x0000000057fda000 	D:\Program Files\jdk1.8.0_74\jre\bin\net.dll
0x00007ff90cc70000 - 0x00007ff90ccda000 	C:\Windows\system32\mswsock.dll
0x00007ff90ce60000 - 0x00007ff90ce78000 	C:\Windows\SYSTEM32\CRYPTSP.dll
0x00007ff90c580000 - 0x00007ff90c5b4000 	C:\Windows\system32\rsaenh.dll
0x00007ff90ddc0000 - 0x00007ff90dde7000 	C:\Windows\System32\bcrypt.dll
0x00007ff90d370000 - 0x00007ff90d39e000 	C:\Windows\SYSTEM32\USERENV.dll
0x00007ff90d7b0000 - 0x00007ff90d832000 	C:\Windows\System32\bcryptprimitives.dll
0x00007ff90ce80000 - 0x00007ff90ce8c000 	C:\Windows\SYSTEM32\CRYPTBASE.dll
0x00007ff90c910000 - 0x00007ff90c94b000 	C:\Windows\SYSTEM32\IPHLPAPI.DLL
0x00007ff90ef30000 - 0x00007ff90ef38000 	C:\Windows\System32\NSI.dll
0x00007ff906ce0000 - 0x00007ff906cf7000 	C:\Windows\SYSTEM32\dhcpcsvc6.DLL
0x00007ff906cc0000 - 0x00007ff906cdd000 	C:\Windows\SYSTEM32\dhcpcsvc.DLL
0x00007ff90c950000 - 0x00007ff90ca1b000 	C:\Windows\SYSTEM32\DNSAPI.dll
0x0000000057fa0000 - 0x0000000057fb1000 	D:\Program Files\jdk1.8.0_74\jre\bin\nio.dll
0x00007ff8fb6f0000 - 0x00007ff8fb6fa000 	C:\Users\Administrator\AppData\Local\Temp\jansi-1.17.1-4809662712459472755.dll
0x00007ff8fa740000 - 0x00007ff8fa74a000 	C:\Users\Administrator\AppData\Local\Temp\jansi-1.17.1-2162141983745588261.dll

VM Arguments:
jvm_args: -Dmaven.multiModuleProjectDirectory=E:\gitData\wangfuj\jeecg-boot\jeecg-boot\jeecg-boot-module-system -Dmaven.home=D:\Program Files\apache-maven-3.6.3 -Dclassworlds.conf=D:\Program Files\apache-maven-3.6.3\bin\m2.conf -Dmaven.ext.class.path=D:\Program Files\idea\IntelliJ IDEA 2020.3\plugins\maven\lib\maven-event-listener.jar -javaagent:D:\Program Files\idea\IntelliJ IDEA 2020.3\lib\idea_rt.jar=1289:D:\Program Files\idea\IntelliJ IDEA 2020.3\bin -Dfile.encoding=UTF-8 
java_command: org.codehaus.classworlds.Launcher -Didea.version=2020.3 -s D:\Program Files\apache-maven-3.6.3\conf\settings.xml -Dmaven.repo.local=D:\Program Files\repository_maven install
java_class_path (initial): D:\Program Files\apache-maven-3.6.3\boot\plexus-classworlds-2.6.0.jar;D:\Program Files\apache-maven-3.6.3\boot\plexus-classworlds.license;D:\Program Files\idea\IntelliJ IDEA 2020.3\lib\idea_rt.jar
Launcher Type: SUN_STANDARD

Environment Variables:
PATH=C:\Program Files (x86)\Common Files\Oracle\Java\javapath;C:\Windows\system32;C:\Windows;C:\Windows\System32\Wbem;C:\Windows\System32\WindowsPowerShell\v1.0\;C:\Windows\System32\OpenSSH\;C:\Program Files\dotnet\;D:\Program Files\svn\bin;D:\Program Files\git\Git\cmd;D:\Program Files\node\;C:\ProgramData\chocolatey\bin;C:\Program Files (x86)\Yarn\bin\;D:\Program Files\emacs\emacs-27.1;D:\Program Files\vim\vim82;C:\Program Files\Pandoc\;D:\Program Files\apache-maven-3.6.3\bin;C:\Users\Administrator\AppData\Local\Programs\Python\Python39\Scripts\;C:\Users\Administrator\AppData\Local\Programs\Python\Python39\;C:\Users\Administrator\AppData\Local\Microsoft\WindowsApps;D:\Program Files\jdk1.8.0_74\bin;D:\Program Files\jdk1.8.0_74\sbin;C:\Program Files\Google\Chrome\Application\;C:\Users\Administrator\AppData\Roaming\npm;C:\Users\Administrator\AppData\Local\Yarn\bin;D:\Program Files\emacs\emacs-27.1;D:\Program Files\vim\vim82;D:\Program Files\scala-2.11.5\scala-2.11.5\bin;C:\Users\Administrator\.dotnet\tools;E:\gitData\py-sgd\Parallel-SGD\venv\Scripts\;
USERNAME=Administrator
OS=Windows_NT
PROCESSOR_IDENTIFIER=Intel64 Family 6 Model 126 Stepping 5, GenuineIntel



---------------  S Y S T E M  ---------------

OS: Windows 10.0 , 64 bit Build 19041 (10.0.19041.1806)

CPU:total 8 (4 cores per cpu, 2 threads per core) family 6 model 126 stepping 5, cmov, cx8, fxsr, mmx, sse, sse2, sse3, ssse3, sse4.1, sse4.2, popcnt, avx, avx2, aes, clmul, erms, 3dnowpref, lzcnt, ht, tsc, tscinvbit, bmi1, bmi2, adx

Memory: 4k page, physical 16592412k(2708984k free), swap 20786716k(6296k free)

vm_info: Java HotSpot(TM) 64-Bit Server VM (25.74-b02) for windows-amd64 JRE (1.8.0_74-b02), built on Jan 29 2016 17:42:36 by "java_re" with MS VC++ 10.0 (VS2010)

time: Wed Aug 03 19:56:41 2022
elapsed time: 18 seconds (0d 0h 0m 18s)

