#
# There is insufficient memory for the Java Runtime Environment to continue.
# Native memory allocation (malloc) failed to allocate 32744 bytes for ChunkPool::allocate
# Possible reasons:
#   The system is out of physical RAM or swap space
#   In 32 bit mode, the process size limit was hit
# Possible solutions:
#   Reduce memory load on the system
#   Increase physical memory or swap space
#   Check if swap backing store is full
#   Use 64 bit Java on a 64 bit OS
#   Decrease Java heap size (-Xmx/-Xms)
#   Decrease number of Java threads
#   Decrease Java thread stack sizes (-Xss)
#   Set larger code cache with -XX:ReservedCodeCacheSize=
# This output file may be truncated or incomplete.
#
#  Out of Memory Error (allocation.cpp:273), pid=59632, tid=103488
#
# JRE version: Java(TM) SE Runtime Environment (8.0_74-b02) (build 1.8.0_74-b02)
# Java VM: Java HotSpot(TM) 64-Bit Server VM (25.74-b02 mixed mode windows-amd64 compressed oops)
# Failed to write core dump. Minidumps are not enabled by default on client versions of Windows
#

---------------  T H R E A D  ---------------

Current thread (0x0000000002c1b000):  JavaThread "main" [_thread_in_vm, id=103488, stack(0x0000000002b10000,0x0000000002c10000)]

Stack: [0x0000000002b10000,0x0000000002c10000]
[error occurred during error reporting (printing stack bounds), id 0xc0000005]

Native frames: (J=compiled Java code, j=interpreted, Vv=VM code, C=native code)

Java frames: (J=compiled Java code, j=interpreted, Vv=VM code)
J 893  java.lang.ClassLoader.defineClass1(Ljava/lang/String;[BIILjava/security/ProtectionDomain;Ljava/lang/String;)Ljava/lang/Class; (0 bytes) @ 0x0000000003167fdf [0x0000000003167f40+0x9f]
J 794 C1 java.lang.ClassLoader.defineClass(Ljava/lang/String;[BIILjava/security/ProtectionDomain;)Ljava/lang/Class; (43 bytes) @ 0x00000000031426ec [0x00000000031425e0+0x10c]
J 796 C1 java.net.URLClassLoader.defineClass(Ljava/lang/String;Lsun/misc/Resource;)Ljava/lang/Class; (142 bytes) @ 0x0000000003145424 [0x0000000003144a40+0x9e4]
J 749 C1 java.net.URLClassLoader$1.run()Ljava/lang/Class; (63 bytes) @ 0x000000000312fd0c [0x000000000312fc40+0xcc]
J 748 C1 java.net.URLClassLoader$1.run()Ljava/lang/Object; (5 bytes) @ 0x000000000312f914 [0x000000000312f8e0+0x34]
v  ~StubRoutines::call_stub
J 747  java.security.AccessController.doPrivileged(Ljava/security/PrivilegedExceptionAction;Ljava/security/AccessControlContext;)Ljava/lang/Object; (0 bytes) @ 0x000000000312f5a6 [0x000000000312f540+0x66]
J 703 C1 java.net.URLClassLoader.findClass(Ljava/lang/String;)Ljava/lang/Class; (47 bytes) @ 0x00000000031203c4 [0x0000000003120300+0xc4]
J 456 C1 java.lang.ClassLoader.loadClass(Ljava/lang/String;Z)Ljava/lang/Class; (122 bytes) @ 0x00000000030be8b4 [0x00000000030be5a0+0x314]
J 740 C1 sun.misc.Launcher$AppClassLoader.loadClass(Ljava/lang/String;Z)Ljava/lang/Class; (85 bytes) @ 0x000000000312d294 [0x000000000312cfa0+0x2f4]
J 738 C1 java.lang.ClassLoader.loadClass(Ljava/lang/String;)Ljava/lang/Class; (7 bytes) @ 0x000000000312c864 [0x000000000312c820+0x44]
v  ~StubRoutines::call_stub
j  org.elasticsearch.transport.netty4.Netty4Transport.createBootstrap()Lio/netty/bootstrap/Bootstrap;+0
j  org.elasticsearch.transport.netty4.Netty4Transport.doStart()V+4
j  org.elasticsearch.common.component.AbstractLifecycleComponent.start()V+48
j  org.elasticsearch.transport.TransportService.doStart()V+14
j  org.elasticsearch.common.component.AbstractLifecycleComponent.start()V+48
j  org.elasticsearch.client.transport.TransportClient.buildTemplate(Lorg/elasticsearch/common/settings/Settings;Lorg/elasticsearch/common/settings/Settings;Ljava/util/Collection;Lorg/elasticsearch/client/transport/TransportClient$HostFailureListener;)Lorg/elasticsearch/client/transport/TransportClient$ClientTemplate;+942
j  org.elasticsearch.client.transport.TransportClient.<init>(Lorg/elasticsearch/common/settings/Settings;Lorg/elasticsearch/common/settings/Settings;Ljava/util/Collection;Lorg/elasticsearch/client/transport/TransportClient$HostFailureListener;)V+6
j  org.elasticsearch.transport.client.PreBuiltTransportClient.<init>(Lorg/elasticsearch/common/settings/Settings;Ljava/util/Collection;Lorg/elasticsearch/client/transport/TransportClient$HostFailureListener;)V+13
j  org.elasticsearch.transport.client.PreBuiltTransportClient.<init>(Lorg/elasticsearch/common/settings/Settings;Ljava/util/Collection;)V+4
j  org.elasticsearch.transport.client.PreBuiltTransportClient.<init>(Lorg/elasticsearch/common/settings/Settings;[Ljava/lang/Class;)V+6
j  org.jeecg.config.ElasticSearchConfig.transportClient()Lorg/elasticsearch/client/transport/TransportClient;+55
j  org.jeecg.config.ElasticSearchConfig$$EnhancerBySpringCGLIB$$b16083c9.CGLIB$transportClient$0()Lorg/elasticsearch/client/transport/TransportClient;+1
j  org.jeecg.config.ElasticSearchConfig$$EnhancerBySpringCGLIB$$b16083c9$$FastClassBySpringCGLIB$$500939d6.invoke(ILjava/lang/Object;[Ljava/lang/Object;)Ljava/lang/Object;+131
j  org.springframework.cglib.proxy.MethodProxy.invokeSuper(Ljava/lang/Object;[Ljava/lang/Object;)Ljava/lang/Object;+19
j  org.springframework.context.annotation.ConfigurationClassEnhancer$BeanMethodInterceptor.intercept(Ljava/lang/Object;Ljava/lang/reflect/Method;[Ljava/lang/Object;Lorg/springframework/cglib/proxy/MethodProxy;)Ljava/lang/Object;+207
j  org.jeecg.config.ElasticSearchConfig$$EnhancerBySpringCGLIB$$b16083c9.transportClient()Lorg/elasticsearch/client/transport/TransportClient;+31
v  ~StubRoutines::call_stub
J 1907  sun.reflect.NativeMethodAccessorImpl.invoke0(Ljava/lang/reflect/Method;Ljava/lang/Object;[Ljava/lang/Object;)Ljava/lang/Object; (0 bytes) @ 0x00000000032f927f [0x00000000032f9200+0x7f]
J 1906 C1 sun.reflect.NativeMethodAccessorImpl.invoke(Ljava/lang/Object;[Ljava/lang/Object;)Ljava/lang/Object; (104 bytes) @ 0x00000000032fc014 [0x00000000032fbc60+0x3b4]
J 1859 C1 sun.reflect.DelegatingMethodAccessorImpl.invoke(Ljava/lang/Object;[Ljava/lang/Object;)Ljava/lang/Object; (10 bytes) @ 0x00000000032e50e4 [0x00000000032e50a0+0x44]
J 1853 C1 java.lang.reflect.Method.invoke(Ljava/lang/Object;[Ljava/lang/Object;)Ljava/lang/Object; (62 bytes) @ 0x00000000032e0a0c [0x00000000032e0920+0xec]
j  org.springframework.beans.factory.support.SimpleInstantiationStrategy.instantiate(Lorg/springframework/beans/factory/support/RootBeanDefinition;Ljava/lang/String;Lorg/springframework/beans/factory/BeanFactory;Ljava/lang/Object;Ljava/lang/reflect/Method;[Ljava/lang/Object;)Ljava/lang/Object;+50
j  org.springframework.beans.factory.support.ConstructorResolver.instantiate(Ljava/lang/String;Lorg/springframework/beans/factory/support/RootBeanDefinition;Ljava/lang/Object;Ljava/lang/reflect/Method;[Ljava/lang/Object;)Ljava/lang/Object;+48
j  org.springframework.beans.factory.support.ConstructorResolver.instantiateUsingFactoryMethod(Ljava/lang/String;Lorg/springframework/beans/factory/support/RootBeanDefinition;[Ljava/lang/Object;)Lorg/springframework/beans/BeanWrapper;+439
j  org.springframework.beans.factory.support.AbstractAutowireCapableBeanFactory.instantiateUsingFactoryMethod(Ljava/lang/String;Lorg/springframework/beans/factory/support/RootBeanDefinition;[Ljava/lang/Object;)Lorg/springframework/beans/BeanWrapper;+11
j  org.springframework.beans.factory.support.AbstractAutowireCapableBeanFactory.createBeanInstance(Ljava/lang/String;Lorg/springframework/beans/factory/support/RootBeanDefinition;[Ljava/lang/Object;)Lorg/springframework/beans/BeanWrapper;+101
j  org.springframework.beans.factory.support.AbstractAutowireCapableBeanFactory.doCreateBean(Ljava/lang/String;Lorg/springframework/beans/factory/support/RootBeanDefinition;[Ljava/lang/Object;)Ljava/lang/Object;+34
j  org.springframework.beans.factory.support.AbstractAutowireCapableBeanFactory.createBean(Ljava/lang/String;Lorg/springframework/beans/factory/support/RootBeanDefinition;[Ljava/lang/Object;)Ljava/lang/Object;+169
j  org.springframework.beans.factory.support.AbstractBeanFactory.lambda$doGetBean$0(Ljava/lang/String;Lorg/springframework/beans/factory/support/RootBeanDefinition;[Ljava/lang/Object;)Ljava/lang/Object;+4
j  org.springframework.beans.factory.support.AbstractBeanFactory$$Lambda$120.getObject()Ljava/lang/Object;+16
j  org.springframework.beans.factory.support.DefaultSingletonBeanRegistry.getSingleton(Ljava/lang/String;Lorg/springframework/beans/factory/ObjectFactory;)Ljava/lang/Object;+132
J 2886 C1 org.springframework.beans.factory.support.AbstractBeanFactory.doGetBean(Ljava/lang/String;Ljava/lang/Class;[Ljava/lang/Object;Z)Ljava/lang/Object; (833 bytes) @ 0x00000000034e0f1c [0x00000000034e0940+0x5dc]
j  org.springframework.beans.factory.support.AbstractBeanFactory.getBean(Ljava/lang/String;)Ljava/lang/Object;+5
j  org.springframework.beans.factory.config.DependencyDescriptor.resolveCandidate(Ljava/lang/String;Ljava/lang/Class;Lorg/springframework/beans/factory/BeanFactory;)Ljava/lang/Object;+2
j  org.springframework.beans.factory.support.DefaultListableBeanFactory.addCandidateEntry(Ljava/util/Map;Ljava/lang/String;Lorg/springframework/beans/factory/config/DependencyDescriptor;Ljava/lang/Class;)V+12
j  org.springframework.beans.factory.support.DefaultListableBeanFactory.findAutowireCandidates(Ljava/lang/String;Ljava/lang/Class;Lorg/springframework/beans/factory/config/DependencyDescriptor;)Ljava/util/Map;+183
j  org.springframework.beans.factory.support.DefaultListableBeanFactory.resolveMultipleBeans(Lorg/springframework/beans/factory/config/DependencyDescriptor;Ljava/lang/String;Ljava/util/Set;Lorg/springframework/beans/TypeConverter;)Ljava/lang/Object;+510
j  org.springframework.beans.factory.support.DefaultListableBeanFactory.doResolveDependency(Lorg/springframework/beans/factory/config/DependencyDescriptor;Ljava/lang/String;Ljava/util/Set;Lorg/springframework/beans/TypeConverter;)Ljava/lang/Object;+207
j  org.springframework.beans.factory.support.DefaultListableBeanFactory.resolveDependency(Lorg/springframework/beans/factory/config/DependencyDescriptor;Ljava/lang/String;Ljava/util/Set;Lorg/springframework/beans/TypeConverter;)Ljava/lang/Object;+108
j  org.springframework.beans.factory.support.ConstructorResolver.resolveAutowiredArgument(Lorg/springframework/core/MethodParameter;Ljava/lang/String;Ljava/util/Set;Lorg/springframework/beans/TypeConverter;Z)Ljava/lang/Object;+79
j  org.springframework.beans.factory.support.ConstructorResolver.createArgumentArray(Ljava/lang/String;Lorg/springframework/beans/factory/support/RootBeanDefinition;Lorg/springframework/beans/factory/config/ConstructorArgumentValues;Lorg/springframework/beans/BeanWrapper;[Ljava/lang/Class;[Ljava/lang/String;Ljava/lang/reflect/Executable;ZZ)Lorg/springframework/beans/factory/support/ConstructorResolver$ArgumentsHolder;+434
j  org.springframework.beans.factory.support.ConstructorResolver.autowireConstructor(Ljava/lang/String;Lorg/springframework/beans/factory/support/RootBeanDefinition;[Ljava/lang/reflect/Constructor;[Ljava/lang/Object;)Lorg/springframework/beans/BeanWrapper;+542
j  org.springframework.beans.factory.support.AbstractAutowireCapableBeanFactory.autowireConstructor(Ljava/lang/String;Lorg/springframework/beans/factory/support/RootBeanDefinition;[Ljava/lang/reflect/Constructor;[Ljava/lang/Object;)Lorg/springframework/beans/BeanWrapper;+13
j  org.springframework.beans.factory.support.AbstractAutowireCapableBeanFactory.createBeanInstance(Ljava/lang/String;Lorg/springframework/beans/factory/support/RootBeanDefinition;[Ljava/lang/Object;)Lorg/springframework/beans/BeanWrapper;+221
j  org.springframework.beans.factory.support.AbstractAutowireCapableBeanFactory.doCreateBean(Ljava/lang/String;Lorg/springframework/beans/factory/support/RootBeanDefinition;[Ljava/lang/Object;)Ljava/lang/Object;+34
j  org.springframework.beans.factory.support.AbstractAutowireCapableBeanFactory.createBean(Ljava/lang/String;Lorg/springframework/beans/factory/support/RootBeanDefinition;[Ljava/lang/Object;)Ljava/lang/Object;+169
j  org.springframework.beans.factory.support.AbstractBeanFactory.lambda$doGetBean$0(Ljava/lang/String;Lorg/springframework/beans/factory/support/RootBeanDefinition;[Ljava/lang/Object;)Ljava/lang/Object;+4
j  org.springframework.beans.factory.support.AbstractBeanFactory$$Lambda$120.getObject()Ljava/lang/Object;+16
j  org.springframework.beans.factory.support.DefaultSingletonBeanRegistry.getSingleton(Ljava/lang/String;Lorg/springframework/beans/factory/ObjectFactory;)Ljava/lang/Object;+132
J 2886 C1 org.springframework.beans.factory.support.AbstractBeanFactory.doGetBean(Ljava/lang/String;Ljava/lang/Class;[Ljava/lang/Object;Z)Ljava/lang/Object; (833 bytes) @ 0x00000000034e0f1c [0x00000000034e0940+0x5dc]
j  org.springframework.beans.factory.support.AbstractBeanFactory.getBean(Ljava/lang/String;)Ljava/lang/Object;+5
j  org.springframework.beans.factory.support.ConstructorResolver.instantiateUsingFactoryMethod(Ljava/lang/String;Lorg/springframework/beans/factory/support/RootBeanDefinition;[Ljava/lang/Object;)Lorg/springframework/beans/BeanWrapper;+59
j  org.springframework.beans.factory.support.AbstractAutowireCapableBeanFactory.instantiateUsingFactoryMethod(Ljava/lang/String;Lorg/springframework/beans/factory/support/RootBeanDefinition;[Ljava/lang/Object;)Lorg/springframework/beans/BeanWrapper;+11
j  org.springframework.beans.factory.support.AbstractAutowireCapableBeanFactory.createBeanInstance(Ljava/lang/String;Lorg/springframework/beans/factory/support/RootBeanDefinition;[Ljava/lang/Object;)Lorg/springframework/beans/BeanWrapper;+101
j  org.springframework.beans.factory.support.AbstractAutowireCapableBeanFactory.doCreateBean(Ljava/lang/String;Lorg/springframework/beans/factory/support/RootBeanDefinition;[Ljava/lang/Object;)Ljava/lang/Object;+34
j  org.springframework.beans.factory.support.AbstractAutowireCapableBeanFactory.createBean(Ljava/lang/String;Lorg/springframework/beans/factory/support/RootBeanDefinition;[Ljava/lang/Object;)Ljava/lang/Object;+169
j  org.springframework.beans.factory.support.AbstractBeanFactory.lambda$doGetBean$0(Ljava/lang/String;Lorg/springframework/beans/factory/support/RootBeanDefinition;[Ljava/lang/Object;)Ljava/lang/Object;+4
j  org.springframework.beans.factory.support.AbstractBeanFactory$$Lambda$120.getObject()Ljava/lang/Object;+16
j  org.springframework.beans.factory.support.DefaultSingletonBeanRegistry.getSingleton(Ljava/lang/String;Lorg/springframework/beans/factory/ObjectFactory;)Ljava/lang/Object;+132
J 2886 C1 org.springframework.beans.factory.support.AbstractBeanFactory.doGetBean(Ljava/lang/String;Ljava/lang/Class;[Ljava/lang/Object;Z)Ljava/lang/Object; (833 bytes) @ 0x00000000034e0f1c [0x00000000034e0940+0x5dc]
j  org.springframework.beans.factory.support.AbstractBeanFactory.getBean(Ljava/lang/String;)Ljava/lang/Object;+5
j  org.springframework.beans.factory.support.DefaultListableBeanFactory.getBeansOfType(Ljava/lang/Class;ZZ)Ljava/util/Map;+50
j  org.springframework.beans.factory.support.DefaultListableBeanFactory.getBeansOfType(Ljava/lang/Class;)Ljava/util/Map;+4
j  org.springframework.context.support.AbstractApplicationContext.getBeansOfType(Ljava/lang/Class;)Ljava/util/Map;+9
j  org.springframework.boot.actuate.autoconfigure.health.HealthIndicatorRegistryBeans.get(Lorg/springframework/context/ApplicationContext;)Lorg/springframework/boot/actuate/health/HealthIndicatorRegistry;+12
j  org.springframework.boot.actuate.autoconfigure.health.HealthIndicatorAutoConfiguration.healthIndicatorRegistry(Lorg/springframework/context/ApplicationContext;)Lorg/springframework/boot/actuate/health/HealthIndicatorRegistry;+1
j  org.springframework.boot.actuate.autoconfigure.health.HealthIndicatorAutoConfiguration$$EnhancerBySpringCGLIB$$fa9c5087.CGLIB$healthIndicatorRegistry$1(Lorg/springframework/context/ApplicationContext;)Lorg/springframework/boot/actuate/health/HealthIndicatorRegistry;+2
j  org.springframework.boot.actuate.autoconfigure.health.HealthIndicatorAutoConfiguration$$EnhancerBySpringCGLIB$$fa9c5087$$FastClassBySpringCGLIB$$27d5f93d.invoke(ILjava/lang/Object;[Ljava/lang/Object;)Ljava/lang/Object;+166
j  org.springframework.cglib.proxy.MethodProxy.invokeSuper(Ljava/lang/Object;[Ljava/lang/Object;)Ljava/lang/Object;+19
j  org.springframework.context.annotation.ConfigurationClassEnhancer$BeanMethodInterceptor.intercept(Ljava/lang/Object;Ljava/lang/reflect/Method;[Ljava/lang/Object;Lorg/springframework/cglib/proxy/MethodProxy;)Ljava/lang/Object;+207
j  org.springframework.boot.actuate.autoconfigure.health.HealthIndicatorAutoConfiguration$$EnhancerBySpringCGLIB$$fa9c5087.healthIndicatorRegistry(Lorg/springframework/context/ApplicationContext;)Lorg/springframework/boot/actuate/health/HealthIndicatorRegistry;+36
v  ~StubRoutines::call_stub
J 1907  sun.reflect.NativeMethodAccessorImpl.invoke0(Ljava/lang/reflect/Method;Ljava/lang/Object;[Ljava/lang/Object;)Ljava/lang/Object; (0 bytes) @ 0x00000000032f927f [0x00000000032f9200+0x7f]
J 1906 C1 sun.reflect.NativeMethodAccessorImpl.invoke(Ljava/lang/Object;[Ljava/lang/Object;)Ljava/lang/Object; (104 bytes) @ 0x00000000032fc014 [0x00000000032fbc60+0x3b4]
J 1859 C1 sun.reflect.DelegatingMethodAccessorImpl.invoke(Ljava/lang/Object;[Ljava/lang/Object;)Ljava/lang/Object; (10 bytes) @ 0x00000000032e50e4 [0x00000000032e50a0+0x44]
J 1853 C1 java.lang.reflect.Method.invoke(Ljava/lang/Object;[Ljava/lang/Object;)Ljava/lang/Object; (62 bytes) @ 0x00000000032e0a0c [0x00000000032e0920+0xec]
j  org.springframework.beans.factory.support.SimpleInstantiationStrategy.instantiate(Lorg/springframework/beans/factory/support/RootBeanDefinition;Ljava/lang/String;Lorg/springframework/beans/factory/BeanFactory;Ljava/lang/Object;Ljava/lang/reflect/Method;[Ljava/lang/Object;)Ljava/lang/Object;+50
j  org.springframework.beans.factory.support.ConstructorResolver.instantiate(Ljava/lang/String;Lorg/springframework/beans/factory/support/RootBeanDefinition;Ljava/lang/Object;Ljava/lang/reflect/Method;[Ljava/lang/Object;)Ljava/lang/Object;+48
j  org.springframework.beans.factory.support.ConstructorResolver.instantiateUsingFactoryMethod(Ljava/lang/String;Lorg/springframework/beans/factory/support/RootBeanDefinition;[Ljava/lang/Object;)Lorg/springframework/beans/BeanWrapper;+1479
j  org.springframework.beans.factory.support.AbstractAutowireCapableBeanFactory.instantiateUsingFactoryMethod(Ljava/lang/String;Lorg/springframework/beans/factory/support/RootBeanDefinition;[Ljava/lang/Object;)Lorg/springframework/beans/BeanWrapper;+11
j  org.springframework.beans.factory.support.AbstractAutowireCapableBeanFactory.createBeanInstance(Ljava/lang/String;Lorg/springframework/beans/factory/support/RootBeanDefinition;[Ljava/lang/Object;)Lorg/springframework/beans/BeanWrapper;+101
j  org.springframework.beans.factory.support.AbstractAutowireCapableBeanFactory.doCreateBean(Ljava/lang/String;Lorg/springframework/beans/factory/support/RootBeanDefinition;[Ljava/lang/Object;)Ljava/lang/Object;+34
j  org.springframework.beans.factory.support.AbstractAutowireCapableBeanFactory.createBean(Ljava/lang/String;Lorg/springframework/beans/factory/support/RootBeanDefinition;[Ljava/lang/Object;)Ljava/lang/Object;+169
j  org.springframework.beans.factory.support.AbstractBeanFactory.lambda$doGetBean$0(Ljava/lang/String;Lorg/springframework/beans/factory/support/RootBeanDefinition;[Ljava/lang/Object;)Ljava/lang/Object;+4
j  org.springframework.beans.factory.support.AbstractBeanFactory$$Lambda$120.getObject()Ljava/lang/Object;+16
j  org.springframework.beans.factory.support.DefaultSingletonBeanRegistry.getSingleton(Ljava/lang/String;Lorg/springframework/beans/factory/ObjectFactory;)Ljava/lang/Object;+132
J 2886 C1 org.springframework.beans.factory.support.AbstractBeanFactory.doGetBean(Ljava/lang/String;Ljava/lang/Class;[Ljava/lang/Object;Z)Ljava/lang/Object; (833 bytes) @ 0x00000000034e0f1c [0x00000000034e0940+0x5dc]
j  org.springframework.beans.factory.support.AbstractBeanFactory.getBean(Ljava/lang/String;)Ljava/lang/Object;+5
j  org.springframework.beans.factory.config.DependencyDescriptor.resolveCandidate(Ljava/lang/String;Ljava/lang/Class;Lorg/springframework/beans/factory/BeanFactory;)Ljava/lang/Object;+2
j  org.springframework.beans.factory.support.DefaultListableBeanFactory.doResolveDependency(Lorg/springframework/beans/factory/config/DependencyDescriptor;Ljava/lang/String;Ljava/util/Set;Lorg/springframework/beans/TypeConverter;)Ljava/lang/Object;+440
j  org.springframework.beans.factory.support.DefaultListableBeanFactory.resolveDependency(Lorg/springframework/beans/factory/config/DependencyDescriptor;Ljava/lang/String;Ljava/util/Set;Lorg/springframework/beans/TypeConverter;)Ljava/lang/Object;+108
j  org.springframework.beans.factory.support.ConstructorResolver.resolveAutowiredArgument(Lorg/springframework/core/MethodParameter;Ljava/lang/String;Ljava/util/Set;Lorg/springframework/beans/TypeConverter;Z)Ljava/lang/Object;+79
j  org.springframework.beans.factory.support.ConstructorResolver.createArgumentArray(Ljava/lang/String;Lorg/springframework/beans/factory/support/RootBeanDefinition;Lorg/springframework/beans/factory/config/ConstructorArgumentValues;Lorg/springframework/beans/BeanWrapper;[Ljava/lang/Class;[Ljava/lang/String;Ljava/lang/reflect/Executable;ZZ)Lorg/springframework/beans/factory/support/ConstructorResolver$ArgumentsHolder;+434
j  org.springframework.beans.factory.support.ConstructorResolver.instantiateUsingFactoryMethod(Ljava/lang/String;Lorg/springframework/beans/factory/support/RootBeanDefinition;[Ljava/lang/Object;)Lorg/springframework/beans/BeanWrapper;+674
j  org.springframework.beans.factory.support.AbstractAutowireCapableBeanFactory.instantiateUsingFactoryMethod(Ljava/lang/String;Lorg/springframework/beans/factory/support/RootBeanDefinition;[Ljava/lang/Object;)Lorg/springframework/beans/BeanWrapper;+11
j  org.springframework.beans.factory.support.AbstractAutowireCapableBeanFactory.createBeanInstance(Ljava/lang/String;Lorg/springframework/beans/factory/support/RootBeanDefinition;[Ljava/lang/Object;)Lorg/springframework/beans/BeanWrapper;+101
j  org.springframework.beans.factory.support.AbstractAutowireCapableBeanFactory.doCreateBean(Ljava/lang/String;Lorg/springframework/beans/factory/support/RootBeanDefinition;[Ljava/lang/Object;)Ljava/lang/Object;+34
j  org.springframework.beans.factory.support.AbstractAutowireCapableBeanFactory.createBean(Ljava/lang/String;Lorg/springframework/beans/factory/support/RootBeanDefinition;[Ljava/lang/Object;)Ljava/lang/Object;+169
j  org.springframework.beans.factory.support.AbstractBeanFactory.lambda$doGetBean$0(Ljava/lang/String;Lorg/springframework/beans/factory/support/RootBeanDefinition;[Ljava/lang/Object;)Ljava/lang/Object;+4
j  org.springframework.beans.factory.support.AbstractBeanFactory$$Lambda$120.getObject()Ljava/lang/Object;+16
j  org.springframework.beans.factory.support.DefaultSingletonBeanRegistry.getSingleton(Ljava/lang/String;Lorg/springframework/beans/factory/ObjectFactory;)Ljava/lang/Object;+132
J 2886 C1 org.springframework.beans.factory.support.AbstractBeanFactory.doGetBean(Ljava/lang/String;Ljava/lang/Class;[Ljava/lang/Object;Z)Ljava/lang/Object; (833 bytes) @ 0x00000000034e0f1c [0x00000000034e0940+0x5dc]
j  org.springframework.beans.factory.support.AbstractBeanFactory.getBean(Ljava/lang/String;)Ljava/lang/Object;+5
j  org.springframework.context.support.AbstractApplicationContext.getBean(Ljava/lang/String;)Ljava/lang/Object;+9
j  org.springframework.boot.actuate.endpoint.annotation.EndpointDiscoverer.createEndpointBean(Ljava/lang/String;)Lorg/springframework/boot/actuate/endpoint/annotation/EndpointDiscoverer$EndpointBean;+5
j  org.springframework.boot.actuate.endpoint.annotation.EndpointDiscoverer.createEndpointBeans()Ljava/util/Collection;+51
j  org.springframework.boot.actuate.endpoint.annotation.EndpointDiscoverer.discoverEndpoints()Ljava/util/Collection;+1
j  org.springframework.boot.actuate.endpoint.annotation.EndpointDiscoverer.getEndpoints()Ljava/util/Collection;+9
j  org.springframework.boot.actuate.autoconfigure.endpoint.web.ServletEndpointManagementContextConfiguration$WebMvcServletEndpointManagementContextConfiguration.servletEndpointRegistrar(Lorg/springframework/boot/actuate/autoconfigure/endpoint/web/WebEndpointProperties;Lorg/springframework/boot/actuate/endpoint/web/annotation/ServletEndpointsSupplier;)Lorg/springframework/boot/actuate/endpoint/web/ServletEndpointRegistrar;+30
j  org.springframework.boot.actuate.autoconfigure.endpoint.web.ServletEndpointManagementContextConfiguration$WebMvcServletEndpointManagementContextConfiguration$$EnhancerBySpringCGLIB$$a74e8ca2.CGLIB$servletEndpointRegistrar$0(Lorg/springframework/boot/actuate/autoconfigure/endpoint/web/WebEndpointProperties;Lorg/springframework/boot/actuate/endpoint/web/annotation/ServletEndpointsSupplier;)Lorg/springframework/boot/actuate/endpoint/web/ServletEndpointRegistrar;+3
j  org.springframework.boot.actuate.autoconfigure.endpoint.web.ServletEndpointManagementContextConfiguration$WebMvcServletEndpointManagementContextConfiguration$$EnhancerBySpringCGLIB$$a74e8ca2$$FastClassBySpringCGLIB$$12416546.invoke(ILjava/lang/Object;[Ljava/lang/Object;)Ljava/lang/Object;+155
j  org.springframework.cglib.proxy.MethodProxy.invokeSuper(Ljava/lang/Object;[Ljava/lang/Object;)Ljava/lang/Object;+19
j  org.springframework.context.annotation.ConfigurationClassEnhancer$BeanMethodInterceptor.intercept(Ljava/lang/Object;Ljava/lang/reflect/Method;[Ljava/lang/Object;Lorg/springframework/cglib/proxy/MethodProxy;)Ljava/lang/Object;+207
j  org.springframework.boot.actuate.autoconfigure.endpoint.web.ServletEndpointManagementContextConfiguration$WebMvcServletEndpointManagementContextConfiguration$$EnhancerBySpringCGLIB$$a74e8ca2.servletEndpointRegistrar(Lorg/springframework/boot/actuate/autoconfigure/endpoint/web/WebEndpointProperties;Lorg/springframework/boot/actuate/endpoint/web/annotation/ServletEndpointsSupplier;)Lorg/springframework/boot/actuate/endpoint/web/ServletEndpointRegistrar;+40
v  ~StubRoutines::call_stub
J 1907  sun.reflect.NativeMethodAccessorImpl.invoke0(Ljava/lang/reflect/Method;Ljava/lang/Object;[Ljava/lang/Object;)Ljava/lang/Object; (0 bytes) @ 0x00000000032f927f [0x00000000032f9200+0x7f]
J 1906 C1 sun.reflect.NativeMethodAccessorImpl.invoke(Ljava/lang/Object;[Ljava/lang/Object;)Ljava/lang/Object; (104 bytes) @ 0x00000000032fc014 [0x00000000032fbc60+0x3b4]
J 1859 C1 sun.reflect.DelegatingMethodAccessorImpl.invoke(Ljava/lang/Object;[Ljava/lang/Object;)Ljava/lang/Object; (10 bytes) @ 0x00000000032e50e4 [0x00000000032e50a0+0x44]
J 1853 C1 java.lang.reflect.Method.invoke(Ljava/lang/Object;[Ljava/lang/Object;)Ljava/lang/Object; (62 bytes) @ 0x00000000032e0a0c [0x00000000032e0920+0xec]
j  org.springframework.beans.factory.support.SimpleInstantiationStrategy.instantiate(Lorg/springframework/beans/factory/support/RootBeanDefinition;Ljava/lang/String;Lorg/springframework/beans/factory/BeanFactory;Ljava/lang/Object;Ljava/lang/reflect/Method;[Ljava/lang/Object;)Ljava/lang/Object;+50
j  org.springframework.beans.factory.support.ConstructorResolver.instantiate(Ljava/lang/String;Lorg/springframework/beans/factory/support/RootBeanDefinition;Ljava/lang/Object;Ljava/lang/reflect/Method;[Ljava/lang/Object;)Ljava/lang/Object;+48
j  org.springframework.beans.factory.support.ConstructorResolver.instantiateUsingFactoryMethod(Ljava/lang/String;Lorg/springframework/beans/factory/support/RootBeanDefinition;[Ljava/lang/Object;)Lorg/springframework/beans/BeanWrapper;+1479
j  org.springframework.beans.factory.support.AbstractAutowireCapableBeanFactory.instantiateUsingFactoryMethod(Ljava/lang/String;Lorg/springframework/beans/factory/support/RootBeanDefinition;[Ljava/lang/Object;)Lorg/springframework/beans/BeanWrapper;+11
j  org.springframework.beans.factory.support.AbstractAutowireCapableBeanFactory.createBeanInstance(Ljava/lang/String;Lorg/springframework/beans/factory/support/RootBeanDefinition;[Ljava/lang/Object;)Lorg/springframework/beans/BeanWrapper;+101
j  org.springframework.beans.factory.support.AbstractAutowireCapableBeanFactory.doCreateBean(Ljava/lang/String;Lorg/springframework/beans/factory/support/RootBeanDefinition;[Ljava/lang/Object;)Ljava/lang/Object;+34
j  org.springframework.beans.factory.support.AbstractAutowireCapableBeanFactory.createBean(Ljava/lang/String;Lorg/springframework/beans/factory/support/RootBeanDefinition;[Ljava/lang/Object;)Ljava/lang/Object;+169
j  org.springframework.beans.factory.support.AbstractBeanFactory.lambda$doGetBean$0(Ljava/lang/String;Lorg/springframework/beans/factory/support/RootBeanDefinition;[Ljava/lang/Object;)Ljava/lang/Object;+4
j  org.springframework.beans.factory.support.AbstractBeanFactory$$Lambda$120.getObject()Ljava/lang/Object;+16
j  org.springframework.beans.factory.support.DefaultSingletonBeanRegistry.getSingleton(Ljava/lang/String;Lorg/springframework/beans/factory/ObjectFactory;)Ljava/lang/Object;+132
J 2886 C1 org.springframework.beans.factory.support.AbstractBeanFactory.doGetBean(Ljava/lang/String;Ljava/lang/Class;[Ljava/lang/Object;Z)Ljava/lang/Object; (833 bytes) @ 0x00000000034e0f1c [0x00000000034e0940+0x5dc]
J 2989 C1 org.springframework.beans.factory.support.AbstractBeanFactory.getBean(Ljava/lang/String;Ljava/lang/Class;)Ljava/lang/Object; (9 bytes) @ 0x0000000003516764 [0x0000000003516720+0x44]
j  org.springframework.boot.web.servlet.ServletContextInitializerBeans.getOrderedBeansOfType(Lorg/springframework/beans/factory/ListableBeanFactory;Ljava/lang/Class;Ljava/util/Set;)Ljava/util/List;+69
j  org.springframework.boot.web.servlet.ServletContextInitializerBeans.getOrderedBeansOfType(Lorg/springframework/beans/factory/ListableBeanFactory;Ljava/lang/Class;)Ljava/util/List;+6
j  org.springframework.boot.web.servlet.ServletContextInitializerBeans.addServletContextInitializerBeans(Lorg/springframework/beans/factory/ListableBeanFactory;)V+32
j  org.springframework.boot.web.servlet.ServletContextInitializerBeans.<init>(Lorg/springframework/beans/factory/ListableBeanFactory;[Ljava/lang/Class;)V+49
j  org.springframework.boot.web.servlet.context.ServletWebServerApplicationContext.getServletContextInitializerBeans()Ljava/util/Collection;+12
j  org.springframework.boot.web.servlet.context.ServletWebServerApplicationContext.selfInitialize(Ljavax/servlet/ServletContext;)V+19
j  org.springframework.boot.web.servlet.context.ServletWebServerApplicationContext$$Lambda$425.onStartup(Ljavax/servlet/ServletContext;)V+5
j  org.springframework.boot.web.embedded.tomcat.TomcatStarter.onStartup(Ljava/util/Set;Ljavax/servlet/ServletContext;)V+28
j  org.apache.catalina.core.StandardContext.startInternal()V+1129
j  org.apache.catalina.util.LifecycleBase.start()V+210
j  org.apache.catalina.core.ContainerBase$StartChild.call()Ljava/lang/Void;+4
j  org.apache.catalina.core.ContainerBase$StartChild.call()Ljava/lang/Object;+1
j  java.util.concurrent.FutureTask.run()V+42
j  org.apache.tomcat.util.threads.InlineExecutorService.execute(Ljava/lang/Runnable;)V+38
j  java.util.concurrent.AbstractExecutorService.submit(Ljava/util/concurrent/Callable;)Ljava/util/concurrent/Future;+20
j  org.apache.catalina.core.ContainerBase.startInternal()V+93
j  org.apache.catalina.core.StandardHost.startInternal()V+153
j  org.apache.catalina.util.LifecycleBase.start()V+210
j  org.apache.catalina.core.ContainerBase$StartChild.call()Ljava/lang/Void;+4
j  org.apache.catalina.core.ContainerBase$StartChild.call()Ljava/lang/Object;+1
j  java.util.concurrent.FutureTask.run()V+42
j  org.apache.tomcat.util.threads.InlineExecutorService.execute(Ljava/lang/Runnable;)V+38
j  java.util.concurrent.AbstractExecutorService.submit(Ljava/util/concurrent/Callable;)Ljava/util/concurrent/Future;+20
j  org.apache.catalina.core.ContainerBase.startInternal()V+93
j  org.apache.catalina.core.StandardEngine.startInternal()V+38
j  org.apache.catalina.util.LifecycleBase.start()V+210
j  org.apache.catalina.core.StandardService.startInternal()V+63
j  org.apache.catalina.util.LifecycleBase.start()V+210
j  org.apache.catalina.core.StandardServer.startInternal()V+45
j  org.apache.catalina.util.LifecycleBase.start()V+210
j  org.apache.catalina.startup.Tomcat.start()V+9
j  org.springframework.boot.web.embedded.tomcat.TomcatWebServer.initialize()V+64
j  org.springframework.boot.web.embedded.tomcat.TomcatWebServer.<init>(Lorg/apache/catalina/startup/Tomcat;Z)V+43
j  org.springframework.boot.web.embedded.tomcat.TomcatServletWebServerFactory.getTomcatWebServer(Lorg/apache/catalina/startup/Tomcat;)Lorg/springframework/boot/web/embedded/tomcat/TomcatWebServer;+17
j  org.springframework.boot.web.embedded.tomcat.TomcatServletWebServerFactory.getWebServer([Lorg/springframework/boot/web/servlet/ServletContextInitializer;)Lorg/springframework/boot/web/server/WebServer;+149
j  org.springframework.boot.web.servlet.context.ServletWebServerApplicationContext.createWebServer()V+36
j  org.springframework.boot.web.servlet.context.ServletWebServerApplicationContext.onRefresh()V+5
j  org.springframework.context.support.AbstractApplicationContext.refresh()V+45
j  org.springframework.boot.web.servlet.context.ServletWebServerApplicationContext.refresh()V+1
j  org.springframework.boot.SpringApplication.refresh(Lorg/springframework/context/ApplicationContext;)V+10
j  org.springframework.boot.SpringApplication.refreshContext(Lorg/springframework/context/ConfigurableApplicationContext;)V+2
j  org.springframework.boot.SpringApplication.run([Ljava/lang/String;)Lorg/springframework/context/ConfigurableApplicationContext;+118
j  org.springframework.boot.SpringApplication.run([Ljava/lang/Class;[Ljava/lang/String;)Lorg/springframework/context/ConfigurableApplicationContext;+9
j  org.springframework.boot.SpringApplication.run(Ljava/lang/Class;[Ljava/lang/String;)Lorg/springframework/context/ConfigurableApplicationContext;+9
j  org.jeecg.JeecgApplication.main([Ljava/lang/String;)V+11
v  ~StubRoutines::call_stub

---------------  P R O C E S S  ---------------

Java Threads: ( => current thread )
  0x0000000022ccd800 JavaThread "elasticsearch[_client_][scheduler][T#1]" daemon [_thread_blocked, id=144924, stack(0x0000000026030000,0x0000000026130000)]
  0x0000000022cca800 JavaThread "SimplePauseDetectorThread_0" daemon [_thread_blocked, id=119000, stack(0x0000000025530000,0x0000000025630000)]
  0x0000000022ccc800 JavaThread "Thread-21" daemon [_thread_blocked, id=48156, stack(0x0000000025430000,0x0000000025530000)]
  0x0000000022ccc000 JavaThread "elasticsearch[_client_][[timer]]" daemon [_thread_blocked, id=144240, stack(0x0000000024f30000,0x0000000025030000)]
  0x0000000022ccb000 JavaThread "Druid-ConnectionPool-Destroy-1337870444" daemon [_thread_blocked, id=53740, stack(0x0000000024c30000,0x0000000024d30000)]
  0x0000000022cc7800 JavaThread "Druid-ConnectionPool-Create-1337870444" daemon [_thread_blocked, id=94668, stack(0x0000000024b30000,0x0000000024c30000)]
  0x000000002021f000 JavaThread "Druid-ConnectionPool-Destroy-2005232837" daemon [_thread_blocked, id=44548, stack(0x0000000024a30000,0x0000000024b30000)]
  0x000000002021e000 JavaThread "Druid-ConnectionPool-Create-2005232837" daemon [_thread_blocked, id=25444, stack(0x0000000024830000,0x0000000024930000)]
  0x00000000203d9000 JavaThread "Abandoned connection cleanup thread" daemon [_thread_blocked, id=142032, stack(0x0000000024530000,0x0000000024630000)]
  0x00000000203ce800 JavaThread "RMI TCP Connection(3)-2.0.1.9" daemon [_thread_in_native, id=94036, stack(0x0000000021a60000,0x0000000021b60000)]
  0x0000000022a19000 JavaThread "lettuce-eventExecutorLoop-1-1" daemon [_thread_blocked, id=127220, stack(0x0000000021140000,0x0000000021240000)]
  0x000000001fefa000 JavaThread "RMI Scheduler(0)" daemon [_thread_blocked, id=136212, stack(0x0000000021960000,0x0000000021a60000)]
  0x000000001eb29800 JavaThread "RMI TCP Connection(2)-2.0.1.9" daemon [_thread_in_native, id=51968, stack(0x0000000021240000,0x0000000021340000)]
  0x000000001f95d000 JavaThread "RMI TCP Accept-0" daemon [_thread_in_native, id=55980, stack(0x0000000020c80000,0x0000000020d80000)]
  0x000000001f717800 JavaThread "Service Thread" daemon [_thread_blocked, id=119876, stack(0x0000000020b80000,0x0000000020c80000)]
  0x000000001f651000 JavaThread "C1 CompilerThread3" daemon [_thread_blocked, id=91720, stack(0x0000000020a80000,0x0000000020b80000)]
  0x000000001f643800 JavaThread "C2 CompilerThread2" daemon [_thread_blocked, id=106004, stack(0x0000000020980000,0x0000000020a80000)]
  0x000000001f643000 JavaThread "C2 CompilerThread1" daemon [_thread_blocked, id=129980, stack(0x0000000020880000,0x0000000020980000)]
  0x000000001f642000 JavaThread "C2 CompilerThread0" daemon [_thread_blocked, id=2460, stack(0x0000000020780000,0x0000000020880000)]
  0x000000001f5e7000 JavaThread "Monitor Ctrl-Break" daemon [_thread_in_native, id=83664, stack(0x0000000020680000,0x0000000020780000)]
  0x000000001e7eb000 JavaThread "Attach Listener" daemon [_thread_blocked, id=64056, stack(0x000000001edb0000,0x000000001eeb0000)]
  0x000000001e7ea800 JavaThread "Signal Dispatcher" daemon [_thread_blocked, id=37304, stack(0x000000001ecb0000,0x000000001edb0000)]
  0x000000001e770800 JavaThread "Finalizer" daemon [_thread_blocked, id=52852, stack(0x000000001eb50000,0x000000001ec50000)]
  0x000000001c883800 JavaThread "Reference Handler" daemon [_thread_blocked, id=111176, stack(0x000000001e650000,0x000000001e750000)]
=>0x0000000002c1b000 JavaThread "main" [_thread_in_vm, id=103488, stack(0x0000000002b10000,0x0000000002c10000)]

Other Threads:
  0x000000001c87b800 VMThread [stack: 0x000000001e550000,0x000000001e650000] [id=116188]
  0x000000001f95f800 WatcherThread [stack: 0x0000000020d90000,0x0000000020e90000] [id=46324]

VM state:not at safepoint (normal execution)

VM Mutex/Monitor currently owned by a thread: None

Heap:
 PSYoungGen      total 243200K, used 13443K [0x000000076b980000, 0x000000077b600000, 0x00000007c0000000)
  eden space 230912K, 5% used [0x000000076b980000,0x000000076c6a0f98,0x0000000779b00000)
  from space 12288K, 0% used [0x000000077aa00000,0x000000077aa00000,0x000000077b600000)
  to   space 13824K, 0% used [0x0000000779b00000,0x0000000779b00000,0x000000077a880000)
 ParOldGen       total 87040K, used 31938K [0x00000006c2c00000, 0x00000006c8100000, 0x000000076b980000)
  object space 87040K, 36% used [0x00000006c2c00000,0x00000006c4b30b50,0x00000006c8100000)
 Metaspace       used 59078K, capacity 61767K, committed 62336K, reserved 1112064K
  class space    used 7783K, capacity 8496K, committed 8576K, reserved 1048576K

Card table byte_map: [0x00000000122c0000,0x0000000012ab0000] byte_map_base: 0x000000000ecaa000

Marking Bits: (ParMarkBitMap*) 0x00000000526a0600
 Begin Bits: [0x0000000013800000, 0x0000000017750000)
 End Bits:   [0x0000000017750000, 0x000000001b6a0000)

Polling page: 0x0000000000ed0000

CodeCache: size=245760Kb used=10407Kb max_used=10407Kb free=235352Kb
 bounds [0x0000000002f00000, 0x0000000003930000, 0x0000000011f00000]
 total_blobs=5817 nmethods=5187 adapters=541
 compilation: enabled

Compilation events (10 events):
Event: 12.403 Thread 0x000000001f651000 nmethod 5179 0x0000000003923d50 code [0x0000000003923ea0, 0x0000000003923fb0]
Event: 12.404 Thread 0x000000001f651000 5181       1       java.util.regex.Matcher::quoteReplacement (82 bytes)
Event: 12.405 Thread 0x000000001f651000 nmethod 5181 0x0000000003924010 code [0x00000000039241e0, 0x0000000003924718]
Event: 12.405 Thread 0x000000001f651000 5180       1       java.lang.String::replace (28 bytes)
Event: 12.405 Thread 0x000000001f651000 nmethod 5180 0x0000000003924cd0 code [0x0000000003924e80, 0x00000000039250d8]
Event: 12.405 Thread 0x000000001f651000 5182       1       org.apache.lucene.util.SetOnce::get (5 bytes)
Event: 12.405 Thread 0x000000001f651000 nmethod 5182 0x0000000003925250 code [0x00000000039253a0, 0x00000000039254b0]
Event: 12.405 Thread 0x000000001f651000 5183       1       org.apache.logging.log4j.spi.AbstractLogger::getName (5 bytes)
Event: 12.405 Thread 0x000000001f651000 nmethod 5183 0x0000000003925510 code [0x0000000003925660, 0x0000000003925770]
Event: 12.405 Thread 0x000000001f651000 5185       1       java.util.regex.Matcher::appendReplacement (571 bytes)

GC Heap History (10 events):
Event: 12.131 GC heap before
{Heap before GC invocations=20 (full 6):
 PSYoungGen      total 243200K, used 1710K [0x000000076b980000, 0x000000077b600000, 0x00000007c0000000)
  eden space 230912K, 0% used [0x000000076b980000,0x000000076b980000,0x0000000779b00000)
  from space 12288K, 13% used [0x000000077aa00000,0x000000077ababb40,0x000000077b600000)
  to   space 13824K, 0% used [0x0000000779b00000,0x0000000779b00000,0x000000077a880000)
 ParOldGen       total 87040K, used 41334K [0x00000006c2c00000, 0x00000006c8100000, 0x000000076b980000)
  object space 87040K, 47% used [0x00000006c2c00000,0x00000006c545da68,0x00000006c8100000)
 Metaspace       used 59206K, capacity 61997K, committed 62080K, reserved 1114112K
  class space    used 7800K, capacity 8531K, committed 8576K, reserved 1048576K
Event: 12.191 GC heap after
Heap after GC invocations=20 (full 6):
 PSYoungGen      total 243200K, used 0K [0x000000076b980000, 0x000000077b600000, 0x00000007c0000000)
  eden space 230912K, 0% used [0x000000076b980000,0x000000076b980000,0x0000000779b00000)
  from space 12288K, 0% used [0x000000077aa00000,0x000000077aa00000,0x000000077b600000)
  to   space 13824K, 0% used [0x0000000779b00000,0x0000000779b00000,0x000000077a880000)
 ParOldGen       total 87040K, used 41151K [0x00000006c2c00000, 0x00000006c8100000, 0x000000076b980000)
  object space 87040K, 47% used [0x00000006c2c00000,0x00000006c542ff10,0x00000006c8100000)
 Metaspace       used 59206K, capacity 61997K, committed 62080K, reserved 1110016K
  class space    used 7800K, capacity 8531K, committed 8576K, reserved 1048576K
}
Event: 12.192 GC heap before
{Heap before GC invocations=21 (full 6):
 PSYoungGen      total 243200K, used 8789K [0x000000076b980000, 0x000000077b600000, 0x00000007c0000000)
  eden space 230912K, 3% used [0x000000076b980000,0x000000076c2154c0,0x0000000779b00000)
  from space 12288K, 0% used [0x000000077aa00000,0x000000077aa00000,0x000000077b600000)
  to   space 13824K, 0% used [0x0000000779b00000,0x0000000779b00000,0x000000077a880000)
 ParOldGen       total 87040K, used 41151K [0x00000006c2c00000, 0x00000006c8100000, 0x000000076b980000)
  object space 87040K, 47% used [0x00000006c2c00000,0x00000006c542ff10,0x00000006c8100000)
 Metaspace       used 59206K, capacity 61997K, committed 62080K, reserved 1114112K
  class space    used 7801K, capacity 8531K, committed 8576K, reserved 1048576K
Event: 12.194 GC heap after
Heap after GC invocations=21 (full 6):
 PSYoungGen      total 244736K, used 96K [0x000000076b980000, 0x000000077b600000, 0x00000007c0000000)
  eden space 230912K, 0% used [0x000000076b980000,0x000000076b980000,0x0000000779b00000)
  from space 13824K, 0% used [0x0000000779b00000,0x0000000779b18000,0x000000077a880000)
  to   space 12288K, 0% used [0x000000077aa00000,0x000000077aa00000,0x000000077b600000)
 ParOldGen       total 87040K, used 41151K [0x00000006c2c00000, 0x00000006c8100000, 0x000000076b980000)
  object space 87040K, 47% used [0x00000006c2c00000,0x00000006c542ff10,0x00000006c8100000)
 Metaspace       used 59206K, capacity 61997K, committed 62080K, reserved 1114112K
  class space    used 7801K, capacity 8531K, committed 8576K, reserved 1048576K
}
Event: 12.194 GC heap before
{Heap before GC invocations=22 (full 7):
 PSYoungGen      total 244736K, used 96K [0x000000076b980000, 0x000000077b600000, 0x00000007c0000000)
  eden space 230912K, 0% used [0x000000076b980000,0x000000076b980000,0x0000000779b00000)
  from space 13824K, 0% used [0x0000000779b00000,0x0000000779b18000,0x000000077a880000)
  to   space 12288K, 0% used [0x000000077aa00000,0x000000077aa00000,0x000000077b600000)
 ParOldGen       total 87040K, used 41151K [0x00000006c2c00000, 0x00000006c8100000, 0x000000076b980000)
  object space 87040K, 47% used [0x00000006c2c00000,0x00000006c542ff10,0x00000006c8100000)
 Metaspace       used 59206K, capacity 61997K, committed 62080K, reserved 1114112K
  class space    used 7801K, capacity 8531K, committed 8576K, reserved 1048576K
Event: 12.251 GC heap after
Heap after GC invocations=22 (full 7):
 PSYoungGen      total 244736K, used 0K [0x000000076b980000, 0x000000077b600000, 0x00000007c0000000)
  eden space 230912K, 0% used [0x000000076b980000,0x000000076b980000,0x0000000779b00000)
  from space 13824K, 0% used [0x0000000779b00000,0x0000000779b00000,0x000000077a880000)
  to   space 12288K, 0% used [0x000000077aa00000,0x000000077aa00000,0x000000077b600000)
 ParOldGen       total 87040K, used 40520K [0x00000006c2c00000, 0x00000006c8100000, 0x000000076b980000)
  object space 87040K, 46% used [0x00000006c2c00000,0x00000006c5392378,0x00000006c8100000)
 Metaspace       used 59206K, capacity 61997K, committed 62080K, reserved 1110016K
  class space    used 7801K, capacity 8531K, committed 8576K, reserved 1048576K
}
Event: 12.251 GC heap before
{Heap before GC invocations=23 (full 7):
 PSYoungGen      total 244736K, used 0K [0x000000076b980000, 0x000000077b600000, 0x00000007c0000000)
  eden space 230912K, 0% used [0x000000076b980000,0x000000076b980000,0x0000000779b00000)
  from space 13824K, 0% used [0x0000000779b00000,0x0000000779b00000,0x000000077a880000)
  to   space 12288K, 0% used [0x000000077aa00000,0x000000077aa00000,0x000000077b600000)
 ParOldGen       total 87040K, used 40520K [0x00000006c2c00000, 0x00000006c8100000, 0x000000076b980000)
  object space 87040K, 46% used [0x00000006c2c00000,0x00000006c5392378,0x00000006c8100000)
 Metaspace       used 59206K, capacity 61997K, committed 62080K, reserved 1114112K
  class space    used 7801K, capacity 8531K, committed 8576K, reserved 1048576K
Event: 12.253 GC heap after
Heap after GC invocations=23 (full 7):
 PSYoungGen      total 243200K, used 0K [0x000000076b980000, 0x000000077b600000, 0x00000007c0000000)
  eden space 230912K, 0% used [0x000000076b980000,0x000000076b980000,0x0000000779b00000)
  from space 12288K, 0% used [0x000000077aa00000,0x000000077aa00000,0x000000077b600000)
  to   space 13824K, 0% used [0x0000000779b00000,0x0000000779b00000,0x000000077a880000)
 ParOldGen       total 87040K, used 40520K [0x00000006c2c00000, 0x00000006c8100000, 0x000000076b980000)
  object space 87040K, 46% used [0x00000006c2c00000,0x00000006c5392378,0x00000006c8100000)
 Metaspace       used 59206K, capacity 61997K, committed 62080K, reserved 1114112K
  class space    used 7801K, capacity 8531K, committed 8576K, reserved 1048576K
}
Event: 12.253 GC heap before
{Heap before GC invocations=24 (full 8):
 PSYoungGen      total 243200K, used 0K [0x000000076b980000, 0x000000077b600000, 0x00000007c0000000)
  eden space 230912K, 0% used [0x000000076b980000,0x000000076b980000,0x0000000779b00000)
  from space 12288K, 0% used [0x000000077aa00000,0x000000077aa00000,0x000000077b600000)
  to   space 13824K, 0% used [0x0000000779b00000,0x0000000779b00000,0x000000077a880000)
 ParOldGen       total 87040K, used 40520K [0x00000006c2c00000, 0x00000006c8100000, 0x000000076b980000)
  object space 87040K, 46% used [0x00000006c2c00000,0x00000006c5392378,0x00000006c8100000)
 Metaspace       used 59206K, capacity 61997K, committed 62080K, reserved 1114112K
  class space    used 7801K, capacity 8531K, committed 8576K, reserved 1048576K
Event: 12.384 GC heap after
Heap after GC invocations=24 (full 8):
 PSYoungGen      total 243200K, used 0K [0x000000076b980000, 0x000000077b600000, 0x00000007c0000000)
  eden space 230912K, 0% used [0x000000076b980000,0x000000076b980000,0x0000000779b00000)
  from space 12288K, 0% used [0x000000077aa00000,0x000000077aa00000,0x000000077b600000)
  to   space 13824K, 0% used [0x0000000779b00000,0x0000000779b00000,0x000000077a880000)
 ParOldGen       total 87040K, used 31938K [0x00000006c2c00000, 0x00000006c8100000, 0x000000076b980000)
  object space 87040K, 36% used [0x00000006c2c00000,0x00000006c4b30b50,0x00000006c8100000)
 Metaspace       used 58877K, capacity 61467K, committed 62080K, reserved 1110016K
  class space    used 7748K, capacity 8436K, committed 8576K, reserved 1048576K
}

Deoptimization events (0 events):
No events

Internal exceptions (10 events):
Event: 11.645 Thread 0x0000000002c1b000 Exception <a 'java/lang/IncompatibleClassChangeError': Found class java.lang.Object, but interface was expected> (0x000000076becdcc0) thrown at [C:\re\workspace\8-2-build-windows-amd64-cygwin\jdk8u74\6087\hotspot\src\share\vm\interpreter\linkResolver.cpp, è∞ù9Y'@
Event: 11.674 Thread 0x0000000002c1b000 Exception <a 'java/lang/IncompatibleClassChangeError': Found class java.lang.Object, but interface was expected> (0x000000076c3940e8) thrown at [C:\re\workspace\8-2-build-windows-amd64-cygwin\jdk8u74\6087\hotspot\src\share\vm\interpreter\linkResolver.cpp, àN“\'@
Event: 11.681 Thread 0x0000000002c1b000 Exception <a 'java/lang/IncompatibleClassChangeError': Found class java.lang.Object, but interface was expected> (0x000000076c468290) thrown at [C:\re\workspace\8-2-build-windows-amd64-cygwin\jdk8u74\6087\hotspot\src\share\vm\interpreter\linkResolver.cpp, 8rìÿ(@
Event: 12.050 Thread 0x0000000002c1b000 Exception <a 'java/lang/NoSuchMethodError': java.lang.Object.lambda$newWriteableReader$0(Ljava/util/function/Supplier;Lorg/elasticsearch/common/io/stream/StreamInput;)Lorg/elasticsearch/common/io/stream/Streamable;> (0x000000076c430d10) thrown at [C:\re\wonyõÌ¿3(@
Event: 12.101 Thread 0x0000000002c1b000 Exception <a 'java/lang/ArrayIndexOutOfBoundsException'> (0x000000076c877bf0) thrown at [C:\re\workspace\8-2-build-windows-amd64-cygwin\jdk8u74\6087\hotspot\src\share\vm\runtime\sharedRuntime.cpp, line 605]
Event: 12.385 Thread 0x0000000002c1b000 Exception <a 'java/lang/OutOfMemoryError'> (0x00000006c2c5afe8) thrown at [C:\re\workspace\8-2-build-windows-amd64-cygwin\jdk8u74\6087\hotspot\src\share\vm\memory\metaspace.cpp, line 3569]
Event: 12.389 Thread 0x00000000203ce800 Exception <a 'java/lang/NoSuchMethodError': <clinit>> (0x000000076b9d0100) thrown at [C:\re\workspace\8-2-build-windows-amd64-cygwin\jdk8u74\6087\hotspot\src\share\vm\prims\jni.cpp, line 1591]
Event: 12.392 Thread 0x00000000203ce800 Exception <a 'java/lang/reflect/InvocationTargetException'> (0x000000076b9e21d8) thrown at [C:\re\workspace\8-2-build-windows-amd64-cygwin\jdk8u74\6087\hotspot\src\share\vm\runtime\reflection.cpp, line 1092]
Event: 12.394 Thread 0x00000000203ce800 Exception <a 'java/lang/NoSuchMethodError': <clinit>> (0x000000076ba04248) thrown at [C:\re\workspace\8-2-build-windows-amd64-cygwin\jdk8u74\6087\hotspot\src\share\vm\prims\jni.cpp, line 1591]
Event: 12.402 Thread 0x0000000002c1b000 Exception <a 'java/lang/NoSuchMethodError': java.lang.Object.lambda$getClientActions$0(Lorg/elasticsearch/plugins/ActionPlugin$ActionHandler;)Lorg/elasticsearch/action/GenericAction;> (0x000000076bbb5000) thrown at [C:\re\workspace\8-2-build-windows-amd64-ÖÒ.rJ'@

Events (10 events):
Event: 12.403 loading class org/elasticsearch/action/TransportActionNodeProxy
Event: 12.403 loading class org/elasticsearch/action/TransportActionNodeProxy done
Event: 12.403 loading class org/elasticsearch/transport/TransportRequestOptions$Builder
Event: 12.403 loading class org/elasticsearch/transport/TransportRequestOptions$Builder done
Event: 12.406 loading class org/elasticsearch/common/component/LifecycleComponent
Event: 12.406 loading class org/elasticsearch/common/component/LifecycleComponent done
Event: 12.406 loading class org/elasticsearch/common/inject/Injector
Event: 12.406 loading class org/elasticsearch/common/inject/Injector done
Event: 12.406 loading class io/netty/bootstrap/Bootstrap
Event: 12.406 loading class io/netty/bootstrap/Bootstrap done


Dynamic libraries:
0x00007ff725540000 - 0x00007ff725577000 	D:\Program Files\jdk1.8.0_74\bin\java.exe
0x00007ff897b30000 - 0x00007ff897d25000 	C:\Windows\SYSTEM32\ntdll.dll
0x00007ff896680000 - 0x00007ff89673e000 	C:\Windows\System32\KERNEL32.DLL
0x00007ff895460000 - 0x00007ff895728000 	C:\Windows\System32\KERNELBASE.dll
0x00007ff897070000 - 0x00007ff89711c000 	C:\Windows\System32\ADVAPI32.dll
0x00007ff8963d0000 - 0x00007ff89646e000 	C:\Windows\System32\msvcrt.dll
0x00007ff896060000 - 0x00007ff8960fb000 	C:\Windows\System32\sechost.dll
0x00007ff896230000 - 0x00007ff89635a000 	C:\Windows\System32\RPCRT4.dll
0x00007ff896ca0000 - 0x00007ff896e41000 	C:\Windows\System32\USER32.dll
0x00007ff895790000 - 0x00007ff8957b2000 	C:\Windows\System32\win32u.dll
0x00007ff896360000 - 0x00007ff89638b000 	C:\Windows\System32\GDI32.dll
0x00007ff8957c0000 - 0x00007ff8958cb000 	C:\Windows\System32\gdi32full.dll
0x00007ff895a30000 - 0x00007ff895acd000 	C:\Windows\System32\msvcp_win.dll
0x00007ff895250000 - 0x00007ff895350000 	C:\Windows\System32\ucrtbase.dll
0x00007ff88a0b0000 - 0x00007ff88a34a000 	C:\Windows\WinSxS\amd64_microsoft.windows.common-controls_6595b64144ccf1df_6.0.19041.1110_none_60b5254171f9507e\COMCTL32.dll
0x00007ff896390000 - 0x00007ff8963c0000 	C:\Windows\System32\IMM32.DLL
0x0000000052cc0000 - 0x0000000052d92000 	D:\Program Files\jdk1.8.0_74\jre\bin\msvcr100.dll
0x0000000051e90000 - 0x0000000052720000 	D:\Program Files\jdk1.8.0_74\jre\bin\server\jvm.dll
0x00007ff897120000 - 0x00007ff897128000 	C:\Windows\System32\PSAPI.DLL
0x00007ff87e270000 - 0x00007ff87e297000 	C:\Windows\SYSTEM32\WINMM.dll
0x00007ff88fec0000 - 0x00007ff88feca000 	C:\Windows\SYSTEM32\VERSION.dll
0x00007ff88ad90000 - 0x00007ff88ad99000 	C:\Windows\SYSTEM32\WSOCK32.dll
0x00007ff896e50000 - 0x00007ff896ebb000 	C:\Windows\System32\WS2_32.dll
0x0000000052cb0000 - 0x0000000052cbf000 	D:\Program Files\jdk1.8.0_74\jre\bin\verify.dll
0x00000000529b0000 - 0x00000000529d9000 	D:\Program Files\jdk1.8.0_74\jre\bin\java.dll
0x0000000052e00000 - 0x0000000052e23000 	D:\Program Files\jdk1.8.0_74\jre\bin\instrument.dll
0x0000000052c10000 - 0x0000000052c26000 	D:\Program Files\jdk1.8.0_74\jre\bin\zip.dll
0x00007ff897240000 - 0x00007ff89797f000 	C:\Windows\System32\SHELL32.dll
0x00007ff893350000 - 0x00007ff893ae0000 	C:\Windows\SYSTEM32\windows.storage.dll
0x00007ff896740000 - 0x00007ff896a95000 	C:\Windows\System32\combase.dll
0x00007ff894bd0000 - 0x00007ff894bfe000 	C:\Windows\SYSTEM32\Wldp.dll
0x00007ff897190000 - 0x00007ff89723d000 	C:\Windows\System32\SHCORE.dll
0x00007ff897130000 - 0x00007ff897185000 	C:\Windows\System32\shlwapi.dll
0x00007ff895190000 - 0x00007ff8951af000 	C:\Windows\SYSTEM32\profapi.dll
0x00007ff885420000 - 0x00007ff88543a000 	D:\Program Files\idea\IntelliJ IDEA 2020.3\bin\breakgen64.dll
0x0000000052990000 - 0x00000000529aa000 	D:\Program Files\jdk1.8.0_74\jre\bin\net.dll
0x00007ff894930000 - 0x00007ff89499a000 	C:\Windows\system32\mswsock.dll
0x00007ff8874f0000 - 0x00007ff887523000 	C:\Program Files (x86)\Sangfor\SSL\ClientComponent\SangforNspX64.dll
0x00007ff896470000 - 0x00007ff89659a000 	C:\Windows\System32\ole32.dll
0x00007ff896100000 - 0x00007ff8961cd000 	C:\Windows\System32\OLEAUT32.dll
0x00007ff894660000 - 0x00007ff89472b000 	C:\Windows\SYSTEM32\DNSAPI.dll
0x00007ff894620000 - 0x00007ff89465b000 	C:\Windows\SYSTEM32\IPHLPAPI.DLL
0x00007ff897ae0000 - 0x00007ff897ae8000 	C:\Windows\System32\NSI.dll
0x00007ff88d760000 - 0x00007ff88d76a000 	C:\Windows\System32\rasadhlp.dll
0x00007ff88d680000 - 0x00007ff88d6ff000 	C:\Windows\System32\fwpuclnt.dll
0x00007ff895350000 - 0x00007ff895377000 	C:\Windows\System32\bcrypt.dll
0x0000000052ca0000 - 0x0000000052cad000 	D:\Program Files\jdk1.8.0_74\jre\bin\management.dll
0x00000000527e0000 - 0x00000000527f1000 	D:\Program Files\jdk1.8.0_74\jre\bin\nio.dll
0x00007ff894b20000 - 0x00007ff894b38000 	C:\Windows\SYSTEM32\CRYPTSP.dll
0x00007ff8942b0000 - 0x00007ff8942e4000 	C:\Windows\system32\rsaenh.dll
0x00007ff895150000 - 0x00007ff89517e000 	C:\Windows\SYSTEM32\USERENV.dll
0x00007ff895380000 - 0x00007ff895403000 	C:\Windows\System32\bcryptprimitives.dll
0x00007ff894b40000 - 0x00007ff894b4c000 	C:\Windows\SYSTEM32\CRYPTBASE.dll
0x00007ff88eee0000 - 0x00007ff88eef7000 	C:\Windows\SYSTEM32\dhcpcsvc6.DLL
0x00007ff88ee60000 - 0x00007ff88ee7d000 	C:\Windows\SYSTEM32\dhcpcsvc.DLL
0x00007ff875ab0000 - 0x00007ff875ac7000 	C:\Windows\system32\napinsp.dll
0x00007ff874fd0000 - 0x00007ff874feb000 	C:\Windows\system32\pnrpnsp.dll
0x00007ff874fb0000 - 0x00007ff874fc5000 	C:\Windows\system32\wshbth.dll
0x00007ff88f670000 - 0x00007ff88f68d000 	C:\Windows\system32\NLAapi.dll
0x00007ff874f90000 - 0x00007ff874fa2000 	C:\Windows\System32\winrnr.dll
0x0000000052dd0000 - 0x0000000052df4000 	D:\Program Files\jdk1.8.0_74\jre\bin\sunec.dll

VM Arguments:
jvm_args: -XX:TieredStopAtLevel=1 -Xverify:none -Dspring.output.ansi.enabled=always -javaagent:D:\Program Files\idea\IntelliJ IDEA 2020.3\lib\idea_rt.jar=8448:D:\Program Files\idea\IntelliJ IDEA 2020.3\bin -Dcom.sun.management.jmxremote -Dspring.jmx.enabled=true -Dspring.liveBeansView.mbeanDomain -Dspring.application.admin.enabled=true -Dfile.encoding=UTF-8 
java_command: org.jeecg.JeecgApplication
java_class_path (initial): D:\Program Files\jdk1.8.0_74\jre\lib\charsets.jar;D:\Program Files\jdk1.8.0_74\jre\lib\deploy.jar;D:\Program Files\jdk1.8.0_74\jre\lib\ext\access-bridge-64.jar;D:\Program Files\jdk1.8.0_74\jre\lib\ext\cldrdata.jar;D:\Program Files\jdk1.8.0_74\jre\lib\ext\dnsns.jar;D:\Program Files\jdk1.8.0_74\jre\lib\ext\jaccess.jar;D:\Program Files\jdk1.8.0_74\jre\lib\ext\jfxrt.jar;D:\Program Files\jdk1.8.0_74\jre\lib\ext\localedata.jar;D:\Program Files\jdk1.8.0_74\jre\lib\ext\nashorn.jar;D:\Program Files\jdk1.8.0_74\jre\lib\ext\sunec.jar;D:\Program Files\jdk1.8.0_74\jre\lib\ext\sunjce_provider.jar;D:\Program Files\jdk1.8.0_74\jre\lib\ext\sunmscapi.jar;D:\Program Files\jdk1.8.0_74\jre\lib\ext\sunpkcs11.jar;D:\Program Files\jdk1.8.0_74\jre\lib\ext\zipfs.jar;D:\Program Files\jdk1.8.0_74\jre\lib\javaws.jar;D:\Program Files\jdk1.8.0_74\jre\lib\jce.jar;D:\Program Files\jdk1.8.0_74\jre\lib\jfr.jar;D:\Program Files\jdk1.8.0_74\jre\lib\jfxswt.jar;D:\Program Files\jdk1.8.0_74\jre\lib\jsse.jar;D:\Program Files\jdk1.8.0_74\jre\lib\management-agent.jar;D:\Program Files\jdk1.8.0_74\jre\lib\plugin.jar;D:\Program Files\jdk1.8.0_74\jre\lib\resources.jar;D:\Program Files\jdk1.8.0_74\jre\lib\rt.jar;E:\gitData\wangfuj\jeecg-boot\jeecg-boot\jeecg-boot-module-system\target\classes;E:\gitData\wangfuj\jeecg-boot\jeecg-boot\jeecg-boot-base-common\target\classes;D:\Program Files\repository_maven\org\springframework\boot\spring-boot-starter-test\2.1.3.RELEASE\spring-boot-starter-test-2.1.3.RELEASE.jar;D:\Program Files\repository_maven\org\springframework\boot\spring-boot-starter\2.1.3.RELEASE\spring-boot-starter-2.1.3.RELEASE.jar;D:\Program Files\repository_maven\org\springframework\boot\spring-boot\2.1.3.RELEASE\spring-boot-2.1.3.RELEASE.jar;D:\Program Files\repository_maven\org\springframework\boot\spring-boot-starter-logging\2.1.3.RELEASE\spring-boot-starter-logging-2.1.3.RELEASE.jar;D:\Program Files\repository_maven\ch\qos\logback\logback-classic\1.2.3\logback-classic-1.2.3.
Launcher Type: SUN_STANDARD

Environment Variables:
PATH=C:\Windows\system32;C:\Windows;C:\Windows\System32\Wbem;C:\Windows\System32\WindowsPowerShell\v1.0\;C:\Windows\System32\OpenSSH\;C:\Program Files\dotnet\;D:\Program Files\svn\bin;D:\Program Files\git\Git\cmd;D:\Program Files\node\;C:\ProgramData\chocolatey\bin;C:\Program Files (x86)\Yarn\bin\;D:\Program Files\emacs\emacs-27.1;D:\Program Files\vim\vim82;C:\Program Files\Pandoc\;D:\Program Files\apache-maven-3.6.3\bin;C:\Users\Administrator\AppData\Local\Programs\Python\Python39\Scripts\;C:\Users\Administrator\AppData\Local\Programs\Python\Python39\;C:\Users\Administrator\AppData\Local\Microsoft\WindowsApps;D:\Program Files\jdk1.8.0_74\bin;D:\Program Files\jdk1.8.0_74\sbin;C:\Program Files\Google\Chrome\Application\;C:\Users\Administrator\AppData\Roaming\npm;C:\Users\Administrator\AppData\Local\Yarn\bin;D:\Program Files\emacs\emacs-27.1;D:\Program Files\vim\vim82;D:\Program Files\scala-2.11.5\scala-2.11.5\bin;C:\Users\Administrator\.dotnet\tools
USERNAME=Administrator
OS=Windows_NT
PROCESSOR_IDENTIFIER=Intel64 Family 6 Model 126 Stepping 5, GenuineIntel



---------------  S Y S T E M  ---------------

OS: Windows 10.0 , 64 bit Build 19041 (10.0.19041.1348)

CPU:total 8 (4 cores per cpu, 2 threads per core) family 6 model 126 stepping 5, cmov, cx8, fxsr, mmx, sse, sse2, sse3, ssse3, sse4.1, sse4.2, popcnt, avx, avx2, aes, clmul, erms, 3dnowpref, lzcnt, ht, tsc, tscinvbit, bmi1, bmi2, adx

Memory: 4k page, physical 16592412k(1554704k free), swap 39582440k(364k free)

vm_info: Java HotSpot(TM) 64-Bit Server VM (25.74-b02) for windows-amd64 JRE (1.8.0_74-b02), built on Jan 29 2016 17:42:36 by "java_re" with MS VC++ 10.0 (VS2010)

time: Fri Nov 26 11:47:03 2021
elapsed time: 12 seconds (0d 0h 0m 12s)

