2021-12-19 15:38:45.440 [main] INFO  org.jeecg.JeecgApplication:50 - Starting JeecgApplication v2.1.4 on W10-20200913238 with PID 9484 (E:\gitData\wangfuj\jeecg-boot\jeecg-boot\jeecg-boot-module-system\target\jeecg-boot-module-system-2.1.4.jar started by Administrator in E:\gitData\wangfuj\jeecg-boot\jeecg-boot\jeecg-boot-module-system\target)
2021-12-19 15:38:45.446 [main] INFO  org.jeecg.JeecgApplication:679 - The following profiles are active: strdev
2021-12-19 15:38:47.465 [main] INFO  o.s.d.r.config.RepositoryConfigurationDelegate:244 - Multiple Spring Data modules found, entering strict repository configuration mode!
2021-12-19 15:38:47.471 [main] INFO  o.s.d.r.config.RepositoryConfigurationDelegate:126 - Bootstrapping Spring Data repositories in DEFAULT mode.
2021-12-19 15:38:47.561 [main] INFO  o.s.d.r.config.RepositoryConfigurationDelegate:182 - Finished Spring Data repository scanning in 70ms. Found 0 repository interfaces.
2021-12-19 15:38:48.167 [main] INFO  o.s.c.s.PostProcessorRegistrationDelegate$BeanPostProcessorChecker:330 - Bean 'shiroConfig' of type [org.jeecg.config.ShiroConfig$$EnhancerBySpringCGLIB$$326d8b37] is not eligible for getting processed by all BeanPostProcessors (for example: not eligible for auto-proxying)
2021-12-19 15:38:48.322 [main] INFO  o.s.c.s.PostProcessorRegistrationDelegate$BeanPostProcessorChecker:330 - Bean 'shiroRealm' of type [org.jeecg.modules.shiro.authc.ShiroRealm] is not eligible for getting processed by all BeanPostProcessors (for example: not eligible for auto-proxying)
2021-12-19 15:38:48.770 [main] INFO  org.jeecg.config.ShiroConfig:201 - ===============(1)创建缓存管理器RedisCacheManager
2021-12-19 15:38:48.778 [main] INFO  o.s.c.s.PostProcessorRegistrationDelegate$BeanPostProcessorChecker:330 - Bean 'redisManager' of type [org.crazycake.shiro.RedisManager] is not eligible for getting processed by all BeanPostProcessors (for example: not eligible for auto-proxying)
2021-12-19 15:38:48.785 [main] INFO  o.s.c.s.PostProcessorRegistrationDelegate$BeanPostProcessorChecker:330 - Bean 'securityManager' of type [org.apache.shiro.web.mgt.DefaultWebSecurityManager] is not eligible for getting processed by all BeanPostProcessors (for example: not eligible for auto-proxying)
2021-12-19 15:38:48.849 [main] INFO  o.s.c.s.PostProcessorRegistrationDelegate$BeanPostProcessorChecker:330 - Bean 'authorizationAttributeSourceAdvisor' of type [org.apache.shiro.spring.security.interceptor.AuthorizationAttributeSourceAdvisor] is not eligible for getting processed by all BeanPostProcessors (for example: not eligible for auto-proxying)
2021-12-19 15:38:48.953 [main] INFO  o.s.c.s.PostProcessorRegistrationDelegate$BeanPostProcessorChecker:330 - Bean 'org.springframework.transaction.annotation.ProxyTransactionManagementConfiguration' of type [org.springframework.transaction.annotation.ProxyTransactionManagementConfiguration$$EnhancerBySpringCGLIB$$126821a1] is not eligible for getting processed by all BeanPostProcessors (for example: not eligible for auto-proxying)
2021-12-19 15:38:49.183 [main] INFO  o.s.c.s.PostProcessorRegistrationDelegate$BeanPostProcessorChecker:330 - Bean 'spring.datasource.dynamic-com.baomidou.dynamic.datasource.spring.boot.autoconfigure.DynamicDataSourceProperties' of type [com.baomidou.dynamic.datasource.spring.boot.autoconfigure.DynamicDataSourceProperties] is not eligible for getting processed by all BeanPostProcessors (for example: not eligible for auto-proxying)
2021-12-19 15:38:49.190 [main] INFO  o.s.c.s.PostProcessorRegistrationDelegate$BeanPostProcessorChecker:330 - Bean 'com.baomidou.dynamic.datasource.spring.boot.autoconfigure.DynamicDataSourceAutoConfiguration' of type [com.baomidou.dynamic.datasource.spring.boot.autoconfigure.DynamicDataSourceAutoConfiguration$$EnhancerBySpringCGLIB$$7bf69272] is not eligible for getting processed by all BeanPostProcessors (for example: not eligible for auto-proxying)
2021-12-19 15:38:49.201 [main] INFO  o.s.c.s.PostProcessorRegistrationDelegate$BeanPostProcessorChecker:330 - Bean 'dsProcessor' of type [com.baomidou.dynamic.datasource.processor.DsHeaderProcessor] is not eligible for getting processed by all BeanPostProcessors (for example: not eligible for auto-proxying)
2021-12-19 15:38:49.212 [main] INFO  o.s.c.s.PostProcessorRegistrationDelegate$BeanPostProcessorChecker:330 - Bean 'dynamicDatasourceAnnotationAdvisor' of type [com.baomidou.dynamic.datasource.aop.DynamicDataSourceAnnotationAdvisor] is not eligible for getting processed by all BeanPostProcessors (for example: not eligible for auto-proxying)
2021-12-19 15:38:49.248 [main] INFO  o.s.c.s.PostProcessorRegistrationDelegate$BeanPostProcessorChecker:330 - Bean 'spring.redis-org.springframework.boot.autoconfigure.data.redis.RedisProperties' of type [org.springframework.boot.autoconfigure.data.redis.RedisProperties] is not eligible for getting processed by all BeanPostProcessors (for example: not eligible for auto-proxying)
2021-12-19 15:38:49.259 [main] INFO  o.s.c.s.PostProcessorRegistrationDelegate$BeanPostProcessorChecker:330 - Bean 'org.springframework.boot.autoconfigure.data.redis.LettuceConnectionConfiguration' of type [org.springframework.boot.autoconfigure.data.redis.LettuceConnectionConfiguration$$EnhancerBySpringCGLIB$$2781dfeb] is not eligible for getting processed by all BeanPostProcessors (for example: not eligible for auto-proxying)
2021-12-19 15:38:49.493 [main] INFO  o.s.c.s.PostProcessorRegistrationDelegate$BeanPostProcessorChecker:330 - Bean 'lettuceClientResources' of type [io.lettuce.core.resource.DefaultClientResources] is not eligible for getting processed by all BeanPostProcessors (for example: not eligible for auto-proxying)
2021-12-19 15:38:49.646 [main] INFO  o.s.scheduling.concurrent.ThreadPoolTaskExecutor:171 - Initializing ExecutorService
2021-12-19 15:38:49.647 [main] INFO  o.s.c.s.PostProcessorRegistrationDelegate$BeanPostProcessorChecker:330 - Bean 'redisConnectionFactory' of type [org.springframework.data.redis.connection.lettuce.LettuceConnectionFactory] is not eligible for getting processed by all BeanPostProcessors (for example: not eligible for auto-proxying)
2021-12-19 15:38:49.666 [main] INFO  o.s.c.s.PostProcessorRegistrationDelegate$BeanPostProcessorChecker:330 - Bean 'redisConfig' of type [org.jeecg.config.RedisConfig$$EnhancerBySpringCGLIB$$7d3c1281] is not eligible for getting processed by all BeanPostProcessors (for example: not eligible for auto-proxying)
2021-12-19 15:38:49.715 [main] INFO  o.s.c.s.PostProcessorRegistrationDelegate$BeanPostProcessorChecker:330 - Bean 'org.apache.shiro.spring.boot.autoconfigure.ShiroBeanAutoConfiguration' of type [org.apache.shiro.spring.boot.autoconfigure.ShiroBeanAutoConfiguration$$EnhancerBySpringCGLIB$$2580ff51] is not eligible for getting processed by all BeanPostProcessors (for example: not eligible for auto-proxying)
2021-12-19 15:38:49.723 [main] INFO  o.s.c.s.PostProcessorRegistrationDelegate$BeanPostProcessorChecker:330 - Bean 'eventBus' of type [org.apache.shiro.event.support.DefaultEventBus] is not eligible for getting processed by all BeanPostProcessors (for example: not eligible for auto-proxying)
2021-12-19 15:38:50.216 [main] INFO  o.s.boot.web.embedded.tomcat.TomcatWebServer:90 - Tomcat initialized with port(s): 8090 (http)
2021-12-19 15:38:50.236 [main] INFO  org.apache.coyote.http11.Http11NioProtocol:173 - Initializing ProtocolHandler ["http-nio-8090"]
2021-12-19 15:38:50.246 [main] INFO  org.apache.catalina.core.StandardService:173 - Starting service [Tomcat]
2021-12-19 15:38:50.247 [main] INFO  org.apache.catalina.core.StandardEngine:173 - Starting Servlet engine: [Apache Tomcat/9.0.16]
2021-12-19 15:38:50.259 [main] INFO  org.apache.catalina.core.AprLifecycleListener:173 - The APR based Apache Tomcat Native library which allows optimal performance in production environments was not found on the java.library.path: [D:\Program Files\jdk1.8.0_74\bin;C:\Windows\Sun\Java\bin;C:\Windows\system32;C:\Windows;C:\Windows\system32;C:\Windows;C:\Windows\System32\Wbem;C:\Windows\System32\WindowsPowerShell\v1.0\;C:\Windows\System32\OpenSSH\;C:\Program Files\dotnet\;D:\Program Files\svn\bin;D:\Program Files\git\Git\cmd;D:\Program Files\node\;C:\ProgramData\chocolatey\bin;C:\Program Files (x86)\Yarn\bin\;D:\Program Files\emacs\emacs-27.1;D:\Program Files\vim\vim82;C:\Program Files\Pandoc\;D:\Program Files\apache-maven-3.6.3\bin;C:\Users\Administrator\AppData\Local\Programs\Python\Python39\Scripts\;C:\Users\Administrator\AppData\Local\Programs\Python\Python39\;C:\Users\Administrator\AppData\Local\Microsoft\WindowsApps;D:\Program Files\jdk1.8.0_74\bin;D:\Program Files\jdk1.8.0_74\sbin;C:\Program Files\Google\Chrome\Application\;C:\Users\Administrator\AppData\Roaming\npm;C:\Users\Administrator\AppData\Local\Yarn\bin;D:\Program Files\emacs\emacs-27.1;D:\Program Files\vim\vim82;D:\Program Files\scala-2.11.5\scala-2.11.5\bin;C:\Users\Administrator\.dotnet\tools;.]
2021-12-19 15:38:50.405 [main] INFO  o.a.c.c.C.[Tomcat].[localhost].[/sjzt-boot]:173 - Initializing Spring embedded WebApplicationContext
2021-12-19 15:38:50.405 [main] INFO  org.springframework.web.context.ContextLoader:296 - Root WebApplicationContext: initialization completed in 4909 ms
2021-12-19 15:38:50.873 [main] INFO  c.b.dynamic.datasource.DynamicDataSourceCreator:113 - 动态数据源-检测到druid存在,如配置中未指定type,druid会默认配置
